[ 2018-03-07T09:39:12+08:00 ] ::1 /tp/
INFO: [ app_init ] --START--
INFO: Run Behavior\BuildLiteBehavior [ RunTime:0.000037s ]
INFO: [ app_init ] --END-- [ RunTime:0.016588s ]
INFO: [ app_begin ] --START--
INFO: Run Behavior\ReadHtmlCacheBehavior [ RunTime:0.022857s ]
INFO: [ app_begin ] --END-- [ RunTime:0.022952s ]
SQL: SHOW COLUMNS FROM `tp_article` [ RunTime:0.0011s ]
SQL: SELECT * FROM `tp_article` ORDER BY id desc  [ RunTime:0.0005s ]
SQL: SHOW COLUMNS FROM `tp_link` [ RunTime:0.0010s ]
SQL: SELECT * FROM `tp_link`  [ RunTime:0.0009s ]
SQL: SHOW COLUMNS FROM `tp_essay` [ RunTime:0.0009s ]
SQL: SELECT COUNT(*) AS tp_count FROM `tp_essay` WHERE `cateid` = '' LIMIT 1   [ RunTime:0.0004s ]
SQL: SELECT * FROM `tp_essay` WHERE `cateid` = '' ORDER BY time desc LIMIT 0,5   [ RunTime:0.0005s ]
INFO: [ view_parse ] --START--
INFO: [ template_filter ] --START--
INFO: Run Behavior\ContentReplaceBehavior [ RunTime:0.000082s ]
INFO: [ template_filter ] --END-- [ RunTime:0.000159s ]
NOTIC: [8] Undefined index: id D:\wamp64\www\tp\Application\Runtime\Cache\Home\d7afc08e88068689bd04637b9b480409.php 第 49 行.
INFO: Run Behavior\ParseTemplateBehavior [ RunTime:0.149477s ]
INFO: [ view_parse ] --END-- [ RunTime:0.149570s ]
INFO: [ view_filter ] --START--
INFO: Run Behavior\WriteHtmlCacheBehavior [ RunTime:0.014988s ]
INFO: [ view_filter ] --END-- [ RunTime:0.015091s ]
INFO: [ app_end ] --START--
INFO: Run Behavior\ShowPageTraceBehavior [ RunTime:0.010808s ]
INFO: [ app_end ] --END-- [ RunTime:0.010943s ]

