[ 2018-03-06T21:55:42+08:00 ] ::1 /tp/
INFO: [ app_init ] --START--
INFO: Run Behavior\BuildLiteBehavior [ RunTime:0.000019s ]
INFO: [ app_init ] --END-- [ RunTime:0.013242s ]
INFO: [ app_begin ] --START--
INFO: Run Behavior\ReadHtmlCacheBehavior [ RunTime:0.020315s ]
INFO: [ app_begin ] --END-- [ RunTime:0.020425s ]
SQL: SHOW COLUMNS FROM `tp_article` [ RunTime:0.0439s ]
SQL: SELECT * FROM `tp_article` ORDER BY id desc  [ RunTime:0.0031s ]
SQL: SHOW COLUMNS FROM `tp_link` [ RunTime:0.0009s ]
SQL: SELECT * FROM `tp_link`  [ RunTime:0.0003s ]
SQL: SHOW COLUMNS FROM `tp_essay` [ RunTime:0.0006s ]
SQL: SELECT COUNT(*) AS tp_count FROM `tp_essay` WHERE `cateid` = '' LIMIT 1   [ RunTime:0.0063s ]
SQL: SELECT * FROM `tp_essay` WHERE `cateid` = '' ORDER BY time desc LIMIT 0,5   [ RunTime:0.0015s ]
INFO: [ view_parse ] --START--
INFO: [ template_filter ] --START--
INFO: Run Behavior\ContentReplaceBehavior [ RunTime:0.000101s ]
INFO: [ template_filter ] --END-- [ RunTime:0.000212s ]
NOTIC: [8] Undefined index: id D:\wamp64\www\tp\Application\Runtime\Cache\Home\d7afc08e88068689bd04637b9b480409.php 第 49 行.
INFO: Run Behavior\ParseTemplateBehavior [ RunTime:0.165425s ]
INFO: [ view_parse ] --END-- [ RunTime:0.165572s ]
INFO: [ view_filter ] --START--
INFO: Run Behavior\WriteHtmlCacheBehavior [ RunTime:0.013251s ]
INFO: [ view_filter ] --END-- [ RunTime:0.013364s ]
INFO: [ app_end ] --START--
INFO: Run Behavior\ShowPageTraceBehavior [ RunTime:0.012753s ]
INFO: [ app_end ] --END-- [ RunTime:0.012875s ]

[ 2018-03-06T21:55:47+08:00 ] ::1 /tp/index.php/Home/Home/index/id/55
INFO: [ app_init ] --START--
INFO: Run Behavior\BuildLiteBehavior [ RunTime:0.000026s ]
INFO: [ app_init ] --END-- [ RunTime:0.000546s ]
INFO: [ app_begin ] --START--
INFO: Run Behavior\ReadHtmlCacheBehavior [ RunTime:0.000596s ]
INFO: [ app_begin ] --END-- [ RunTime:0.000714s ]
SQL: SHOW COLUMNS FROM `tp_article` [ RunTime:0.0009s ]
SQL: SELECT * FROM `tp_article` ORDER BY id desc  [ RunTime:0.0004s ]
SQL: SHOW COLUMNS FROM `tp_link` [ RunTime:0.0008s ]
SQL: SELECT * FROM `tp_link`  [ RunTime:0.0003s ]
SQL: SHOW COLUMNS FROM `tp_essay` [ RunTime:0.0013s ]
SQL: SELECT COUNT(*) AS tp_count FROM `tp_essay` WHERE `cateid` = '55' LIMIT 1   [ RunTime:0.0052s ]
SQL: SELECT * FROM `tp_essay` WHERE `cateid` = '55' ORDER BY time desc LIMIT 0,5   [ RunTime:0.0012s ]
INFO: [ view_parse ] --START--
INFO: [ template_filter ] --START--
INFO: Run Behavior\ContentReplaceBehavior [ RunTime:0.000132s ]
INFO: [ template_filter ] --END-- [ RunTime:0.000349s ]
NOTIC: [8] Undefined index: id D:\wamp64\www\tp\Application\Runtime\Cache\Home\d7afc08e88068689bd04637b9b480409.php 第 49 行.
INFO: Run Behavior\ParseTemplateBehavior [ RunTime:0.010962s ]
INFO: [ view_parse ] --END-- [ RunTime:0.011039s ]
INFO: [ view_filter ] --START--
INFO: Run Behavior\WriteHtmlCacheBehavior [ RunTime:0.000228s ]
INFO: [ view_filter ] --END-- [ RunTime:0.000294s ]
INFO: [ app_end ] --START--
INFO: Run Behavior\ShowPageTraceBehavior [ RunTime:0.000391s ]
INFO: [ app_end ] --END-- [ RunTime:0.000471s ]

[ 2018-03-06T21:55:47+08:00 ] ::1 /tp/index.php/Home/Home/index/id/images/nav.swf
INFO: [ app_init ] --START--
INFO: Run Behavior\BuildLiteBehavior [ RunTime:0.000025s ]
INFO: [ app_init ] --END-- [ RunTime:0.000548s ]
INFO: [ app_begin ] --START--
INFO: Run Behavior\ReadHtmlCacheBehavior [ RunTime:0.000644s ]
INFO: [ app_begin ] --END-- [ RunTime:0.000750s ]
SQL: SHOW COLUMNS FROM `tp_article` [ RunTime:0.0010s ]
SQL: SELECT * FROM `tp_article` ORDER BY id desc  [ RunTime:0.0006s ]
SQL: SHOW COLUMNS FROM `tp_link` [ RunTime:0.0007s ]
SQL: SELECT * FROM `tp_link`  [ RunTime:0.0004s ]
SQL: SHOW COLUMNS FROM `tp_essay` [ RunTime:0.0007s ]
SQL: SELECT COUNT(*) AS tp_count FROM `tp_essay` WHERE `cateid` = 'images' LIMIT 1   [ RunTime:0.0003s ]
SQL: SELECT * FROM `tp_essay` WHERE `cateid` = 'images' ORDER BY time desc LIMIT 0,5   [ RunTime:0.0004s ]
INFO: [ view_parse ] --START--
INFO: [ template_filter ] --START--
INFO: Run Behavior\ContentReplaceBehavior [ RunTime:0.000114s ]
INFO: [ template_filter ] --END-- [ RunTime:0.000240s ]
NOTIC: [8] Undefined index: id D:\wamp64\www\tp\Application\Runtime\Cache\Home\d7afc08e88068689bd04637b9b480409.php 第 49 行.
INFO: Run Behavior\ParseTemplateBehavior [ RunTime:0.018909s ]
INFO: [ view_parse ] --END-- [ RunTime:0.019014s ]
INFO: [ view_filter ] --START--
INFO: Run Behavior\WriteHtmlCacheBehavior [ RunTime:0.000487s ]
INFO: [ view_filter ] --END-- [ RunTime:0.000590s ]
INFO: [ app_end ] --START--
INFO: Run Behavior\ShowPageTraceBehavior [ RunTime:0.001395s ]
INFO: [ app_end ] --END-- [ RunTime:0.001579s ]

[ 2018-03-06T21:55:51+08:00 ] ::1 /tp/index.php/Home/Home/index/id/53
INFO: [ app_init ] --START--
INFO: Run Behavior\BuildLiteBehavior [ RunTime:0.000025s ]
INFO: [ app_init ] --END-- [ RunTime:0.000460s ]
INFO: [ app_begin ] --START--
INFO: Run Behavior\ReadHtmlCacheBehavior [ RunTime:0.000608s ]
INFO: [ app_begin ] --END-- [ RunTime:0.000701s ]
SQL: SHOW COLUMNS FROM `tp_article` [ RunTime:0.0011s ]
SQL: SELECT * FROM `tp_article` ORDER BY id desc  [ RunTime:0.0005s ]
SQL: SHOW COLUMNS FROM `tp_link` [ RunTime:0.0008s ]
SQL: SELECT * FROM `tp_link`  [ RunTime:0.0005s ]
SQL: SHOW COLUMNS FROM `tp_essay` [ RunTime:0.0010s ]
SQL: SELECT COUNT(*) AS tp_count FROM `tp_essay` WHERE `cateid` = '53' LIMIT 1   [ RunTime:0.0006s ]
SQL: SELECT * FROM `tp_essay` WHERE `cateid` = '53' ORDER BY time desc LIMIT 0,5   [ RunTime:0.0007s ]
INFO: [ view_parse ] --START--
INFO: [ template_filter ] --START--
INFO: Run Behavior\ContentReplaceBehavior [ RunTime:0.000077s ]
INFO: [ template_filter ] --END-- [ RunTime:0.000144s ]
NOTIC: [8] Undefined index: id D:\wamp64\www\tp\Application\Runtime\Cache\Home\d7afc08e88068689bd04637b9b480409.php 第 49 行.
INFO: Run Behavior\ParseTemplateBehavior [ RunTime:0.009324s ]
INFO: [ view_parse ] --END-- [ RunTime:0.009428s ]
INFO: [ view_filter ] --START--
INFO: Run Behavior\WriteHtmlCacheBehavior [ RunTime:0.000467s ]
INFO: [ view_filter ] --END-- [ RunTime:0.000605s ]
INFO: [ app_end ] --START--
INFO: Run Behavior\ShowPageTraceBehavior [ RunTime:0.001029s ]
INFO: [ app_end ] --END-- [ RunTime:0.001252s ]

[ 2018-03-06T21:55:51+08:00 ] ::1 /tp/
INFO: [ app_init ] --START--
INFO: Run Behavior\BuildLiteBehavior [ RunTime:0.000033s ]
INFO: [ app_init ] --END-- [ RunTime:0.000637s ]
INFO: [ app_begin ] --START--
INFO: Run Behavior\ReadHtmlCacheBehavior [ RunTime:0.000766s ]
INFO: [ app_begin ] --END-- [ RunTime:0.001010s ]
SQL: SHOW COLUMNS FROM `tp_article` [ RunTime:0.0010s ]
SQL: SELECT * FROM `tp_article` ORDER BY id desc  [ RunTime:0.0013s ]
SQL: SHOW COLUMNS FROM `tp_link` [ RunTime:0.0015s ]
SQL: SELECT * FROM `tp_link`  [ RunTime:0.0004s ]
SQL: SHOW COLUMNS FROM `tp_essay` [ RunTime:0.0009s ]
SQL: SELECT COUNT(*) AS tp_count FROM `tp_essay` WHERE `cateid` = '' LIMIT 1   [ RunTime:0.0006s ]
SQL: SELECT * FROM `tp_essay` WHERE `cateid` = '' ORDER BY time desc LIMIT 0,5   [ RunTime:0.0005s ]
INFO: [ view_parse ] --START--
INFO: [ template_filter ] --START--
INFO: Run Behavior\ContentReplaceBehavior [ RunTime:0.000109s ]
INFO: [ template_filter ] --END-- [ RunTime:0.000229s ]
NOTIC: [8] Undefined index: id D:\wamp64\www\tp\Application\Runtime\Cache\Home\d7afc08e88068689bd04637b9b480409.php 第 49 行.
INFO: Run Behavior\ParseTemplateBehavior [ RunTime:0.019063s ]
INFO: [ view_parse ] --END-- [ RunTime:0.019189s ]
INFO: [ view_filter ] --START--
INFO: Run Behavior\WriteHtmlCacheBehavior [ RunTime:0.000458s ]
INFO: [ view_filter ] --END-- [ RunTime:0.000566s ]
INFO: [ app_end ] --START--
INFO: Run Behavior\ShowPageTraceBehavior [ RunTime:0.000785s ]
INFO: [ app_end ] --END-- [ RunTime:0.000907s ]

[ 2018-03-06T21:55:51+08:00 ] ::1 /tp/index.php/Home/Home/index/id/images/nav.swf
INFO: [ app_init ] --START--
INFO: Run Behavior\BuildLiteBehavior [ RunTime:0.000024s ]
INFO: [ app_init ] --END-- [ RunTime:0.000497s ]
INFO: [ app_begin ] --START--
INFO: Run Behavior\ReadHtmlCacheBehavior [ RunTime:0.000590s ]
INFO: [ app_begin ] --END-- [ RunTime:0.000708s ]
SQL: SHOW COLUMNS FROM `tp_article` [ RunTime:0.0009s ]
SQL: SELECT * FROM `tp_article` ORDER BY id desc  [ RunTime:0.0007s ]
SQL: SHOW COLUMNS FROM `tp_link` [ RunTime:0.0008s ]
SQL: SELECT * FROM `tp_link`  [ RunTime:0.0004s ]
SQL: SHOW COLUMNS FROM `tp_essay` [ RunTime:0.0012s ]
SQL: SELECT COUNT(*) AS tp_count FROM `tp_essay` WHERE `cateid` = 'images' LIMIT 1   [ RunTime:0.0006s ]
SQL: SELECT * FROM `tp_essay` WHERE `cateid` = 'images' ORDER BY time desc LIMIT 0,5   [ RunTime:0.0006s ]
INFO: [ view_parse ] --START--
INFO: [ template_filter ] --START--
INFO: Run Behavior\ContentReplaceBehavior [ RunTime:0.000133s ]
INFO: [ template_filter ] --END-- [ RunTime:0.000261s ]
NOTIC: [8] Undefined index: id D:\wamp64\www\tp\Application\Runtime\Cache\Home\d7afc08e88068689bd04637b9b480409.php 第 49 行.
INFO: Run Behavior\ParseTemplateBehavior [ RunTime:0.017107s ]
INFO: [ view_parse ] --END-- [ RunTime:0.017231s ]
INFO: [ view_filter ] --START--
INFO: Run Behavior\WriteHtmlCacheBehavior [ RunTime:0.000371s ]
INFO: [ view_filter ] --END-- [ RunTime:0.000480s ]
INFO: [ app_end ] --START--
INFO: Run Behavior\ShowPageTraceBehavior [ RunTime:0.000606s ]
INFO: [ app_end ] --END-- [ RunTime:0.000718s ]

[ 2018-03-06T21:55:54+08:00 ] ::1 /tp/index.php/Home/Home/index/id/52
INFO: [ app_init ] --START--
INFO: Run Behavior\BuildLiteBehavior [ RunTime:0.000017s ]
INFO: [ app_init ] --END-- [ RunTime:0.000330s ]
INFO: [ app_begin ] --START--
INFO: Run Behavior\ReadHtmlCacheBehavior [ RunTime:0.000383s ]
INFO: [ app_begin ] --END-- [ RunTime:0.000448s ]
SQL: SHOW COLUMNS FROM `tp_article` [ RunTime:0.0010s ]
SQL: SELECT * FROM `tp_article` ORDER BY id desc  [ RunTime:0.0007s ]
SQL: SHOW COLUMNS FROM `tp_link` [ RunTime:0.0007s ]
SQL: SELECT * FROM `tp_link`  [ RunTime:0.0006s ]
SQL: SHOW COLUMNS FROM `tp_essay` [ RunTime:0.0006s ]
SQL: SELECT COUNT(*) AS tp_count FROM `tp_essay` WHERE `cateid` = '52' LIMIT 1   [ RunTime:0.0003s ]
SQL: SELECT * FROM `tp_essay` WHERE `cateid` = '52' ORDER BY time desc LIMIT 0,5   [ RunTime:0.0004s ]
INFO: [ view_parse ] --START--
INFO: [ template_filter ] --START--
INFO: Run Behavior\ContentReplaceBehavior [ RunTime:0.000088s ]
INFO: [ template_filter ] --END-- [ RunTime:0.000206s ]
NOTIC: [8] Undefined index: id D:\wamp64\www\tp\Application\Runtime\Cache\Home\d7afc08e88068689bd04637b9b480409.php 第 49 行.
INFO: Run Behavior\ParseTemplateBehavior [ RunTime:0.013112s ]
INFO: [ view_parse ] --END-- [ RunTime:0.013197s ]
INFO: [ view_filter ] --START--
INFO: Run Behavior\WriteHtmlCacheBehavior [ RunTime:0.000201s ]
INFO: [ view_filter ] --END-- [ RunTime:0.000256s ]
INFO: [ app_end ] --START--
INFO: Run Behavior\ShowPageTraceBehavior [ RunTime:0.000413s ]
INFO: [ app_end ] --END-- [ RunTime:0.000471s ]

[ 2018-03-06T21:55:54+08:00 ] ::1 /tp/index.php/Home/Home/index/id/images/nav.swf
INFO: [ app_init ] --START--
INFO: Run Behavior\BuildLiteBehavior [ RunTime:0.000026s ]
INFO: [ app_init ] --END-- [ RunTime:0.000518s ]
INFO: [ app_begin ] --START--
INFO: Run Behavior\ReadHtmlCacheBehavior [ RunTime:0.000609s ]
INFO: [ app_begin ] --END-- [ RunTime:0.000718s ]
SQL: SHOW COLUMNS FROM `tp_article` [ RunTime:0.0010s ]
SQL: SELECT * FROM `tp_article` ORDER BY id desc  [ RunTime:0.0006s ]
SQL: SHOW COLUMNS FROM `tp_link` [ RunTime:0.0010s ]
SQL: SELECT * FROM `tp_link`  [ RunTime:0.0006s ]
SQL: SHOW COLUMNS FROM `tp_essay` [ RunTime:0.0009s ]
SQL: SELECT COUNT(*) AS tp_count FROM `tp_essay` WHERE `cateid` = 'images' LIMIT 1   [ RunTime:0.0005s ]
SQL: SELECT * FROM `tp_essay` WHERE `cateid` = 'images' ORDER BY time desc LIMIT 0,5   [ RunTime:0.0004s ]
INFO: [ view_parse ] --START--
INFO: [ template_filter ] --START--
INFO: Run Behavior\ContentReplaceBehavior [ RunTime:0.000317s ]
INFO: [ template_filter ] --END-- [ RunTime:0.000499s ]
NOTIC: [8] Undefined index: id D:\wamp64\www\tp\Application\Runtime\Cache\Home\d7afc08e88068689bd04637b9b480409.php 第 49 行.
INFO: Run Behavior\ParseTemplateBehavior [ RunTime:0.015322s ]
INFO: [ view_parse ] --END-- [ RunTime:0.015438s ]
INFO: [ view_filter ] --START--
INFO: Run Behavior\WriteHtmlCacheBehavior [ RunTime:0.000371s ]
INFO: [ view_filter ] --END-- [ RunTime:0.000463s ]
INFO: [ app_end ] --START--
INFO: Run Behavior\ShowPageTraceBehavior [ RunTime:0.000654s ]
INFO: [ app_end ] --END-- [ RunTime:0.000766s ]

[ 2018-03-06T21:56:09+08:00 ] ::1 /tp/index.php/Home/Home/index/id/53
INFO: [ app_init ] --START--
INFO: Run Behavior\BuildLiteBehavior [ RunTime:0.000016s ]
INFO: [ app_init ] --END-- [ RunTime:0.000424s ]
INFO: [ app_begin ] --START--
INFO: Run Behavior\ReadHtmlCacheBehavior [ RunTime:0.001234s ]
INFO: [ app_begin ] --END-- [ RunTime:0.001439s ]
SQL: SHOW COLUMNS FROM `tp_article` [ RunTime:0.0011s ]
SQL: SELECT * FROM `tp_article` ORDER BY id desc  [ RunTime:0.0004s ]
SQL: SHOW COLUMNS FROM `tp_link` [ RunTime:0.0006s ]
SQL: SELECT * FROM `tp_link`  [ RunTime:0.0003s ]
SQL: SHOW COLUMNS FROM `tp_essay` [ RunTime:0.0007s ]
SQL: SELECT COUNT(*) AS tp_count FROM `tp_essay` WHERE `cateid` = '53' LIMIT 1   [ RunTime:0.0006s ]
SQL: SELECT * FROM `tp_essay` WHERE `cateid` = '53' ORDER BY time desc LIMIT 0,5   [ RunTime:0.0005s ]
INFO: [ view_parse ] --START--
INFO: [ template_filter ] --START--
INFO: Run Behavior\ContentReplaceBehavior [ RunTime:0.000098s ]
INFO: [ template_filter ] --END-- [ RunTime:0.000196s ]
NOTIC: [8] Undefined index: id D:\wamp64\www\tp\Application\Runtime\Cache\Home\d7afc08e88068689bd04637b9b480409.php 第 49 行.
INFO: Run Behavior\ParseTemplateBehavior [ RunTime:0.011916s ]
INFO: [ view_parse ] --END-- [ RunTime:0.012052s ]
INFO: [ view_filter ] --START--
INFO: Run Behavior\WriteHtmlCacheBehavior [ RunTime:0.000881s ]
INFO: [ view_filter ] --END-- [ RunTime:0.000970s ]
INFO: [ app_end ] --START--
INFO: Run Behavior\ShowPageTraceBehavior [ RunTime:0.000826s ]
INFO: [ app_end ] --END-- [ RunTime:0.000960s ]

[ 2018-03-06T21:56:09+08:00 ] ::1 /tp/
INFO: [ app_init ] --START--
INFO: Run Behavior\BuildLiteBehavior [ RunTime:0.000026s ]
INFO: [ app_init ] --END-- [ RunTime:0.000962s ]
INFO: [ app_begin ] --START--
INFO: Run Behavior\ReadHtmlCacheBehavior [ RunTime:0.000625s ]
INFO: [ app_begin ] --END-- [ RunTime:0.000798s ]
SQL: SHOW COLUMNS FROM `tp_article` [ RunTime:0.0007s ]
SQL: SELECT * FROM `tp_article` ORDER BY id desc  [ RunTime:0.0004s ]
SQL: SHOW COLUMNS FROM `tp_link` [ RunTime:0.0007s ]
SQL: SELECT * FROM `tp_link`  [ RunTime:0.0002s ]
SQL: SHOW COLUMNS FROM `tp_essay` [ RunTime:0.0009s ]
SQL: SELECT COUNT(*) AS tp_count FROM `tp_essay` WHERE `cateid` = '' LIMIT 1   [ RunTime:0.0005s ]
SQL: SELECT * FROM `tp_essay` WHERE `cateid` = '' ORDER BY time desc LIMIT 0,5   [ RunTime:0.0004s ]
INFO: [ view_parse ] --START--
INFO: [ template_filter ] --START--
INFO: Run Behavior\ContentReplaceBehavior [ RunTime:0.000103s ]
INFO: [ template_filter ] --END-- [ RunTime:0.000214s ]
NOTIC: [8] Undefined index: id D:\wamp64\www\tp\Application\Runtime\Cache\Home\d7afc08e88068689bd04637b9b480409.php 第 49 行.
INFO: Run Behavior\ParseTemplateBehavior [ RunTime:0.013984s ]
INFO: [ view_parse ] --END-- [ RunTime:0.014135s ]
INFO: [ view_filter ] --START--
INFO: Run Behavior\WriteHtmlCacheBehavior [ RunTime:0.000381s ]
INFO: [ view_filter ] --END-- [ RunTime:0.000487s ]
INFO: [ app_end ] --START--
INFO: Run Behavior\ShowPageTraceBehavior [ RunTime:0.000613s ]
INFO: [ app_end ] --END-- [ RunTime:0.000719s ]

[ 2018-03-06T21:56:09+08:00 ] ::1 /tp/index.php/Home/Home/index/id/images/nav.swf
INFO: [ app_init ] --START--
INFO: Run Behavior\BuildLiteBehavior [ RunTime:0.000025s ]
INFO: [ app_init ] --END-- [ RunTime:0.000533s ]
INFO: [ app_begin ] --START--
INFO: Run Behavior\ReadHtmlCacheBehavior [ RunTime:0.000783s ]
INFO: [ app_begin ] --END-- [ RunTime:0.000966s ]
SQL: SHOW COLUMNS FROM `tp_article` [ RunTime:0.0008s ]
SQL: SELECT * FROM `tp_article` ORDER BY id desc  [ RunTime:0.0004s ]
SQL: SHOW COLUMNS FROM `tp_link` [ RunTime:0.0007s ]
SQL: SELECT * FROM `tp_link`  [ RunTime:0.0004s ]
SQL: SHOW COLUMNS FROM `tp_essay` [ RunTime:0.0019s ]
SQL: SELECT COUNT(*) AS tp_count FROM `tp_essay` WHERE `cateid` = 'images' LIMIT 1   [ RunTime:0.0004s ]
SQL: SELECT * FROM `tp_essay` WHERE `cateid` = 'images' ORDER BY time desc LIMIT 0,5   [ RunTime:0.0004s ]
INFO: [ view_parse ] --START--
INFO: [ template_filter ] --START--
INFO: Run Behavior\ContentReplaceBehavior [ RunTime:0.000110s ]
INFO: [ template_filter ] --END-- [ RunTime:0.000237s ]
NOTIC: [8] Undefined index: id D:\wamp64\www\tp\Application\Runtime\Cache\Home\d7afc08e88068689bd04637b9b480409.php 第 49 行.
INFO: Run Behavior\ParseTemplateBehavior [ RunTime:0.013768s ]
INFO: [ view_parse ] --END-- [ RunTime:0.013899s ]
INFO: [ view_filter ] --START--
INFO: Run Behavior\WriteHtmlCacheBehavior [ RunTime:0.000427s ]
INFO: [ view_filter ] --END-- [ RunTime:0.000540s ]
INFO: [ app_end ] --START--
INFO: Run Behavior\ShowPageTraceBehavior [ RunTime:0.000674s ]
INFO: [ app_end ] --END-- [ RunTime:0.000782s ]

[ 2018-03-06T21:56:10+08:00 ] ::1 /tp/index.php/Home/Home/index/id/55
INFO: [ app_init ] --START--
INFO: Run Behavior\BuildLiteBehavior [ RunTime:0.000016s ]
INFO: [ app_init ] --END-- [ RunTime:0.000375s ]
INFO: [ app_begin ] --START--
INFO: Run Behavior\ReadHtmlCacheBehavior [ RunTime:0.000585s ]
INFO: [ app_begin ] --END-- [ RunTime:0.000722s ]
SQL: SHOW COLUMNS FROM `tp_article` [ RunTime:0.0006s ]
SQL: SELECT * FROM `tp_article` ORDER BY id desc  [ RunTime:0.0003s ]
SQL: SHOW COLUMNS FROM `tp_link` [ RunTime:0.0007s ]
SQL: SELECT * FROM `tp_link`  [ RunTime:0.0004s ]
SQL: SHOW COLUMNS FROM `tp_essay` [ RunTime:0.0008s ]
SQL: SELECT COUNT(*) AS tp_count FROM `tp_essay` WHERE `cateid` = '55' LIMIT 1   [ RunTime:0.0004s ]
SQL: SELECT * FROM `tp_essay` WHERE `cateid` = '55' ORDER BY time desc LIMIT 0,5   [ RunTime:0.0005s ]
INFO: [ view_parse ] --START--
INFO: [ template_filter ] --START--
INFO: Run Behavior\ContentReplaceBehavior [ RunTime:0.000080s ]
INFO: [ template_filter ] --END-- [ RunTime:0.000155s ]
NOTIC: [8] Undefined index: id D:\wamp64\www\tp\Application\Runtime\Cache\Home\d7afc08e88068689bd04637b9b480409.php 第 49 行.
INFO: Run Behavior\ParseTemplateBehavior [ RunTime:0.008816s ]
INFO: [ view_parse ] --END-- [ RunTime:0.008915s ]
INFO: [ view_filter ] --START--
INFO: Run Behavior\WriteHtmlCacheBehavior [ RunTime:0.000231s ]
INFO: [ view_filter ] --END-- [ RunTime:0.000314s ]
INFO: [ app_end ] --START--
INFO: Run Behavior\ShowPageTraceBehavior [ RunTime:0.000405s ]
INFO: [ app_end ] --END-- [ RunTime:0.000464s ]

[ 2018-03-06T21:56:10+08:00 ] ::1 /tp/index.php/Home/Home/index/id/images/nav.swf
INFO: [ app_init ] --START--
INFO: Run Behavior\BuildLiteBehavior [ RunTime:0.000026s ]
INFO: [ app_init ] --END-- [ RunTime:0.000531s ]
INFO: [ app_begin ] --START--
INFO: Run Behavior\ReadHtmlCacheBehavior [ RunTime:0.000700s ]
INFO: [ app_begin ] --END-- [ RunTime:0.000826s ]
SQL: SHOW COLUMNS FROM `tp_article` [ RunTime:0.0009s ]
SQL: SELECT * FROM `tp_article` ORDER BY id desc  [ RunTime:0.0005s ]
SQL: SHOW COLUMNS FROM `tp_link` [ RunTime:0.0008s ]
SQL: SELECT * FROM `tp_link`  [ RunTime:0.0005s ]
SQL: SHOW COLUMNS FROM `tp_essay` [ RunTime:0.0008s ]
SQL: SELECT COUNT(*) AS tp_count FROM `tp_essay` WHERE `cateid` = 'images' LIMIT 1   [ RunTime:0.0006s ]
SQL: SELECT * FROM `tp_essay` WHERE `cateid` = 'images' ORDER BY time desc LIMIT 0,5   [ RunTime:0.0005s ]
INFO: [ view_parse ] --START--
INFO: [ template_filter ] --START--
INFO: Run Behavior\ContentReplaceBehavior [ RunTime:0.000141s ]
INFO: [ template_filter ] --END-- [ RunTime:0.000270s ]
NOTIC: [8] Undefined index: id D:\wamp64\www\tp\Application\Runtime\Cache\Home\d7afc08e88068689bd04637b9b480409.php 第 49 行.
INFO: Run Behavior\ParseTemplateBehavior [ RunTime:0.013072s ]
INFO: [ view_parse ] --END-- [ RunTime:0.013202s ]
INFO: [ view_filter ] --START--
INFO: Run Behavior\WriteHtmlCacheBehavior [ RunTime:0.000390s ]
INFO: [ view_filter ] --END-- [ RunTime:0.000511s ]
INFO: [ app_end ] --START--
INFO: Run Behavior\ShowPageTraceBehavior [ RunTime:0.000659s ]
INFO: [ app_end ] --END-- [ RunTime:0.000769s ]

[ 2018-03-06T21:56:11+08:00 ] ::1 /tp/index.php/Home/Home/index/id/53
INFO: [ app_init ] --START--
INFO: Run Behavior\BuildLiteBehavior [ RunTime:0.000045s ]
INFO: [ app_init ] --END-- [ RunTime:0.000911s ]
INFO: [ app_begin ] --START--
INFO: Run Behavior\ReadHtmlCacheBehavior [ RunTime:0.000818s ]
INFO: [ app_begin ] --END-- [ RunTime:0.000927s ]
SQL: SHOW COLUMNS FROM `tp_article` [ RunTime:0.0008s ]
SQL: SELECT * FROM `tp_article` ORDER BY id desc  [ RunTime:0.0004s ]
SQL: SHOW COLUMNS FROM `tp_link` [ RunTime:0.0008s ]
SQL: SELECT * FROM `tp_link`  [ RunTime:0.0003s ]
SQL: SHOW COLUMNS FROM `tp_essay` [ RunTime:0.0006s ]
SQL: SELECT COUNT(*) AS tp_count FROM `tp_essay` WHERE `cateid` = '53' LIMIT 1   [ RunTime:0.0004s ]
SQL: SELECT * FROM `tp_essay` WHERE `cateid` = '53' ORDER BY time desc LIMIT 0,5   [ RunTime:0.0004s ]
INFO: [ view_parse ] --START--
INFO: [ template_filter ] --START--
INFO: Run Behavior\ContentReplaceBehavior [ RunTime:0.000093s ]
INFO: [ template_filter ] --END-- [ RunTime:0.000247s ]
NOTIC: [8] Undefined index: id D:\wamp64\www\tp\Application\Runtime\Cache\Home\d7afc08e88068689bd04637b9b480409.php 第 49 行.
INFO: Run Behavior\ParseTemplateBehavior [ RunTime:0.009439s ]
INFO: [ view_parse ] --END-- [ RunTime:0.009518s ]
INFO: [ view_filter ] --START--
INFO: Run Behavior\WriteHtmlCacheBehavior [ RunTime:0.000457s ]
INFO: [ view_filter ] --END-- [ RunTime:0.000570s ]
INFO: [ app_end ] --START--
INFO: Run Behavior\ShowPageTraceBehavior [ RunTime:0.000727s ]
INFO: [ app_end ] --END-- [ RunTime:0.000915s ]

[ 2018-03-06T21:56:11+08:00 ] ::1 /tp/
INFO: [ app_init ] --START--
INFO: Run Behavior\BuildLiteBehavior [ RunTime:0.000025s ]
INFO: [ app_init ] --END-- [ RunTime:0.000476s ]
INFO: [ app_begin ] --START--
INFO: Run Behavior\ReadHtmlCacheBehavior [ RunTime:0.000475s ]
INFO: [ app_begin ] --END-- [ RunTime:0.000568s ]
SQL: SHOW COLUMNS FROM `tp_article` [ RunTime:0.0013s ]
SQL: SELECT * FROM `tp_article` ORDER BY id desc  [ RunTime:0.0005s ]
SQL: SHOW COLUMNS FROM `tp_link` [ RunTime:0.0010s ]
SQL: SELECT * FROM `tp_link`  [ RunTime:0.0004s ]
SQL: SHOW COLUMNS FROM `tp_essay` [ RunTime:0.0009s ]
SQL: SELECT COUNT(*) AS tp_count FROM `tp_essay` WHERE `cateid` = '' LIMIT 1   [ RunTime:0.0011s ]
SQL: SELECT * FROM `tp_essay` WHERE `cateid` = '' ORDER BY time desc LIMIT 0,5   [ RunTime:0.0004s ]
INFO: [ view_parse ] --START--
INFO: [ template_filter ] --START--
INFO: Run Behavior\ContentReplaceBehavior [ RunTime:0.000082s ]
INFO: [ template_filter ] --END-- [ RunTime:0.000164s ]
NOTIC: [8] Undefined index: id D:\wamp64\www\tp\Application\Runtime\Cache\Home\d7afc08e88068689bd04637b9b480409.php 第 49 行.
INFO: Run Behavior\ParseTemplateBehavior [ RunTime:0.010517s ]
INFO: [ view_parse ] --END-- [ RunTime:0.010648s ]
INFO: [ view_filter ] --START--
INFO: Run Behavior\WriteHtmlCacheBehavior [ RunTime:0.000227s ]
INFO: [ view_filter ] --END-- [ RunTime:0.000292s ]
INFO: [ app_end ] --START--
INFO: Run Behavior\ShowPageTraceBehavior [ RunTime:0.000387s ]
INFO: [ app_end ] --END-- [ RunTime:0.000449s ]

[ 2018-03-06T21:56:11+08:00 ] ::1 /tp/index.php/Home/Home/index/id/images/nav.swf
INFO: [ app_init ] --START--
INFO: Run Behavior\BuildLiteBehavior [ RunTime:0.000042s ]
INFO: [ app_init ] --END-- [ RunTime:0.000654s ]
INFO: [ app_begin ] --START--
INFO: Run Behavior\ReadHtmlCacheBehavior [ RunTime:0.000571s ]
INFO: [ app_begin ] --END-- [ RunTime:0.000693s ]
SQL: SHOW COLUMNS FROM `tp_article` [ RunTime:0.0012s ]
SQL: SELECT * FROM `tp_article` ORDER BY id desc  [ RunTime:0.0005s ]
SQL: SHOW COLUMNS FROM `tp_link` [ RunTime:0.0008s ]
SQL: SELECT * FROM `tp_link`  [ RunTime:0.0004s ]
SQL: SHOW COLUMNS FROM `tp_essay` [ RunTime:0.0011s ]
SQL: SELECT COUNT(*) AS tp_count FROM `tp_essay` WHERE `cateid` = 'images' LIMIT 1   [ RunTime:0.0004s ]
SQL: SELECT * FROM `tp_essay` WHERE `cateid` = 'images' ORDER BY time desc LIMIT 0,5   [ RunTime:0.0005s ]
INFO: [ view_parse ] --START--
INFO: [ template_filter ] --START--
INFO: Run Behavior\ContentReplaceBehavior [ RunTime:0.000111s ]
INFO: [ template_filter ] --END-- [ RunTime:0.000237s ]
NOTIC: [8] Undefined index: id D:\wamp64\www\tp\Application\Runtime\Cache\Home\d7afc08e88068689bd04637b9b480409.php 第 49 行.
INFO: Run Behavior\ParseTemplateBehavior [ RunTime:0.013482s ]
INFO: [ view_parse ] --END-- [ RunTime:0.013627s ]
INFO: [ view_filter ] --START--
INFO: Run Behavior\WriteHtmlCacheBehavior [ RunTime:0.000457s ]
INFO: [ view_filter ] --END-- [ RunTime:0.000571s ]
INFO: [ app_end ] --START--
INFO: Run Behavior\ShowPageTraceBehavior [ RunTime:0.000668s ]
INFO: [ app_end ] --END-- [ RunTime:0.000784s ]

[ 2018-03-06T21:56:12+08:00 ] ::1 /tp/index.php/Home/Home/index/id/52
INFO: [ app_init ] --START--
INFO: Run Behavior\BuildLiteBehavior [ RunTime:0.000025s ]
INFO: [ app_init ] --END-- [ RunTime:0.000396s ]
INFO: [ app_begin ] --START--
INFO: Run Behavior\ReadHtmlCacheBehavior [ RunTime:0.000351s ]
INFO: [ app_begin ] --END-- [ RunTime:0.000416s ]
SQL: SHOW COLUMNS FROM `tp_article` [ RunTime:0.0008s ]
SQL: SELECT * FROM `tp_article` ORDER BY id desc  [ RunTime:0.0004s ]
SQL: SHOW COLUMNS FROM `tp_link` [ RunTime:0.0006s ]
SQL: SELECT * FROM `tp_link`  [ RunTime:0.0003s ]
SQL: SHOW COLUMNS FROM `tp_essay` [ RunTime:0.0006s ]
SQL: SELECT COUNT(*) AS tp_count FROM `tp_essay` WHERE `cateid` = '52' LIMIT 1   [ RunTime:0.0003s ]
SQL: SELECT * FROM `tp_essay` WHERE `cateid` = '52' ORDER BY time desc LIMIT 0,5   [ RunTime:0.0005s ]
INFO: [ view_parse ] --START--
INFO: [ template_filter ] --START--
INFO: Run Behavior\ContentReplaceBehavior [ RunTime:0.000079s ]
INFO: [ template_filter ] --END-- [ RunTime:0.000151s ]
NOTIC: [8] Undefined index: id D:\wamp64\www\tp\Application\Runtime\Cache\Home\d7afc08e88068689bd04637b9b480409.php 第 49 行.
INFO: Run Behavior\ParseTemplateBehavior [ RunTime:0.009036s ]
INFO: [ view_parse ] --END-- [ RunTime:0.009099s ]
INFO: [ view_filter ] --START--
INFO: Run Behavior\WriteHtmlCacheBehavior [ RunTime:0.000262s ]
INFO: [ view_filter ] --END-- [ RunTime:0.000321s ]
INFO: [ app_end ] --START--
INFO: Run Behavior\ShowPageTraceBehavior [ RunTime:0.000684s ]
INFO: [ app_end ] --END-- [ RunTime:0.000757s ]

[ 2018-03-06T21:56:12+08:00 ] ::1 /tp/index.php/Home/Home/index/id/images/nav.swf
INFO: [ app_init ] --START--
INFO: Run Behavior\BuildLiteBehavior [ RunTime:0.000026s ]
INFO: [ app_init ] --END-- [ RunTime:0.000494s ]
INFO: [ app_begin ] --START--
INFO: Run Behavior\ReadHtmlCacheBehavior [ RunTime:0.000603s ]
INFO: [ app_begin ] --END-- [ RunTime:0.000726s ]
SQL: SHOW COLUMNS FROM `tp_article` [ RunTime:0.0008s ]
SQL: SELECT * FROM `tp_article` ORDER BY id desc  [ RunTime:0.0005s ]
SQL: SHOW COLUMNS FROM `tp_link` [ RunTime:0.0008s ]
SQL: SELECT * FROM `tp_link`  [ RunTime:0.0004s ]
SQL: SHOW COLUMNS FROM `tp_essay` [ RunTime:0.0008s ]
SQL: SELECT COUNT(*) AS tp_count FROM `tp_essay` WHERE `cateid` = 'images' LIMIT 1   [ RunTime:0.0004s ]
SQL: SELECT * FROM `tp_essay` WHERE `cateid` = 'images' ORDER BY time desc LIMIT 0,5   [ RunTime:0.0004s ]
INFO: [ view_parse ] --START--
INFO: [ template_filter ] --START--
INFO: Run Behavior\ContentReplaceBehavior [ RunTime:0.000117s ]
INFO: [ template_filter ] --END-- [ RunTime:0.000259s ]
NOTIC: [8] Undefined index: id D:\wamp64\www\tp\Application\Runtime\Cache\Home\d7afc08e88068689bd04637b9b480409.php 第 49 行.
INFO: Run Behavior\ParseTemplateBehavior [ RunTime:0.013697s ]
INFO: [ view_parse ] --END-- [ RunTime:0.013818s ]
INFO: [ view_filter ] --START--
INFO: Run Behavior\WriteHtmlCacheBehavior [ RunTime:0.000393s ]
INFO: [ view_filter ] --END-- [ RunTime:0.000498s ]
INFO: [ app_end ] --START--
INFO: Run Behavior\ShowPageTraceBehavior [ RunTime:0.000697s ]
INFO: [ app_end ] --END-- [ RunTime:0.000816s ]

[ 2018-03-06T21:56:49+08:00 ] ::1 /tp/index.php/Home/
INFO: [ app_init ] --START--
INFO: Run Behavior\BuildLiteBehavior [ RunTime:0.000014s ]
INFO: [ app_init ] --END-- [ RunTime:0.000331s ]
INFO: [ app_begin ] --START--
INFO: Run Behavior\ReadHtmlCacheBehavior [ RunTime:0.000442s ]
INFO: [ app_begin ] --END-- [ RunTime:0.000508s ]
SQL: SHOW COLUMNS FROM `tp_article` [ RunTime:0.0015s ]
SQL: SELECT * FROM `tp_article` ORDER BY id desc  [ RunTime:0.0008s ]
SQL: SHOW COLUMNS FROM `tp_link` [ RunTime:0.0006s ]
SQL: SELECT * FROM `tp_link`  [ RunTime:0.0003s ]
SQL: SHOW COLUMNS FROM `tp_essay` [ RunTime:0.0006s ]
SQL: SELECT COUNT(*) AS tp_count FROM `tp_essay` WHERE `cateid` = '' LIMIT 1   [ RunTime:0.0003s ]
SQL: SELECT * FROM `tp_essay` WHERE `cateid` = '' ORDER BY time desc LIMIT 0,5   [ RunTime:0.0004s ]
INFO: [ view_parse ] --START--
INFO: [ template_filter ] --START--
INFO: Run Behavior\ContentReplaceBehavior [ RunTime:0.000120s ]
INFO: [ template_filter ] --END-- [ RunTime:0.000211s ]
NOTIC: [8] Undefined index: id D:\wamp64\www\tp\Application\Runtime\Cache\Home\d7afc08e88068689bd04637b9b480409.php 第 49 行.
INFO: Run Behavior\ParseTemplateBehavior [ RunTime:0.011530s ]
INFO: [ view_parse ] --END-- [ RunTime:0.011605s ]
INFO: [ view_filter ] --START--
INFO: Run Behavior\WriteHtmlCacheBehavior [ RunTime:0.000277s ]
INFO: [ view_filter ] --END-- [ RunTime:0.000341s ]
INFO: [ app_end ] --START--
INFO: Run Behavior\ShowPageTraceBehavior [ RunTime:0.000443s ]
INFO: [ app_end ] --END-- [ RunTime:0.000503s ]

[ 2018-03-06T21:56:49+08:00 ] ::1 /tp/index.php/Home/images/nav.swf
INFO: [ app_init ] --START--
INFO: Run Behavior\BuildLiteBehavior [ RunTime:0.000026s ]
INFO: [ app_init ] --END-- [ RunTime:0.000498s ]
INFO: [ app_begin ] --START--
INFO: Run Behavior\ReadHtmlCacheBehavior [ RunTime:0.000641s ]
INFO: [ app_begin ] --END-- [ RunTime:0.000766s ]
ERR: 无法加载控制器:Images

[ 2018-03-06T21:56:52+08:00 ] ::1 /tp/index.php/
INFO: [ app_init ] --START--
INFO: Run Behavior\BuildLiteBehavior [ RunTime:0.000018s ]
INFO: [ app_init ] --END-- [ RunTime:0.000297s ]
INFO: [ app_begin ] --START--
INFO: Run Behavior\ReadHtmlCacheBehavior [ RunTime:0.000397s ]
INFO: [ app_begin ] --END-- [ RunTime:0.000462s ]
SQL: SHOW COLUMNS FROM `tp_article` [ RunTime:0.0008s ]
SQL: SELECT * FROM `tp_article` ORDER BY id desc  [ RunTime:0.0004s ]
SQL: SHOW COLUMNS FROM `tp_link` [ RunTime:0.0008s ]
SQL: SELECT * FROM `tp_link`  [ RunTime:0.0004s ]
SQL: SHOW COLUMNS FROM `tp_essay` [ RunTime:0.0005s ]
SQL: SELECT COUNT(*) AS tp_count FROM `tp_essay` WHERE `cateid` = '' LIMIT 1   [ RunTime:0.0003s ]
SQL: SELECT * FROM `tp_essay` WHERE `cateid` = '' ORDER BY time desc LIMIT 0,5   [ RunTime:0.0004s ]
INFO: [ view_parse ] --START--
INFO: [ template_filter ] --START--
INFO: Run Behavior\ContentReplaceBehavior [ RunTime:0.000178s ]
INFO: [ template_filter ] --END-- [ RunTime:0.000353s ]
NOTIC: [8] Undefined index: id D:\wamp64\www\tp\Application\Runtime\Cache\Home\d7afc08e88068689bd04637b9b480409.php 第 49 行.
INFO: Run Behavior\ParseTemplateBehavior [ RunTime:0.011104s ]
INFO: [ view_parse ] --END-- [ RunTime:0.011175s ]
INFO: [ view_filter ] --START--
INFO: Run Behavior\WriteHtmlCacheBehavior [ RunTime:0.000208s ]
INFO: [ view_filter ] --END-- [ RunTime:0.000271s ]
INFO: [ app_end ] --START--
INFO: Run Behavior\ShowPageTraceBehavior [ RunTime:0.000379s ]
INFO: [ app_end ] --END-- [ RunTime:0.000442s ]

[ 2018-03-06T21:56:55+08:00 ] ::1 /tp/index.php/Home/Home/index/id/55
INFO: [ app_init ] --START--
INFO: Run Behavior\BuildLiteBehavior [ RunTime:0.000015s ]
INFO: [ app_init ] --END-- [ RunTime:0.000363s ]
INFO: [ app_begin ] --START--
INFO: Run Behavior\ReadHtmlCacheBehavior [ RunTime:0.000464s ]
INFO: [ app_begin ] --END-- [ RunTime:0.000547s ]
SQL: SHOW COLUMNS FROM `tp_article` [ RunTime:0.0007s ]
SQL: SELECT * FROM `tp_article` ORDER BY id desc  [ RunTime:0.0003s ]
SQL: SHOW COLUMNS FROM `tp_link` [ RunTime:0.0008s ]
SQL: SELECT * FROM `tp_link`  [ RunTime:0.0004s ]
SQL: SHOW COLUMNS FROM `tp_essay` [ RunTime:0.0011s ]
SQL: SELECT COUNT(*) AS tp_count FROM `tp_essay` WHERE `cateid` = '55' LIMIT 1   [ RunTime:0.0003s ]
SQL: SELECT * FROM `tp_essay` WHERE `cateid` = '55' ORDER BY time desc LIMIT 0,5   [ RunTime:0.0004s ]
INFO: [ view_parse ] --START--
INFO: [ template_filter ] --START--
INFO: Run Behavior\ContentReplaceBehavior [ RunTime:0.000086s ]
INFO: [ template_filter ] --END-- [ RunTime:0.000168s ]
NOTIC: [8] Undefined index: id D:\wamp64\www\tp\Application\Runtime\Cache\Home\d7afc08e88068689bd04637b9b480409.php 第 49 行.
INFO: Run Behavior\ParseTemplateBehavior [ RunTime:0.013025s ]
INFO: [ view_parse ] --END-- [ RunTime:0.013096s ]
INFO: [ view_filter ] --START--
INFO: Run Behavior\WriteHtmlCacheBehavior [ RunTime:0.000329s ]
INFO: [ view_filter ] --END-- [ RunTime:0.000411s ]
INFO: [ app_end ] --START--
INFO: Run Behavior\ShowPageTraceBehavior [ RunTime:0.000528s ]
INFO: [ app_end ] --END-- [ RunTime:0.000626s ]

[ 2018-03-06T21:56:55+08:00 ] ::1 /tp/index.php/Home/Home/index/id/images/nav.swf
INFO: [ app_init ] --START--
INFO: Run Behavior\BuildLiteBehavior [ RunTime:0.000050s ]
INFO: [ app_init ] --END-- [ RunTime:0.000943s ]
INFO: [ app_begin ] --START--
INFO: Run Behavior\ReadHtmlCacheBehavior [ RunTime:0.000586s ]
INFO: [ app_begin ] --END-- [ RunTime:0.000708s ]
SQL: SHOW COLUMNS FROM `tp_article` [ RunTime:0.0010s ]
SQL: SELECT * FROM `tp_article` ORDER BY id desc  [ RunTime:0.0005s ]
SQL: SHOW COLUMNS FROM `tp_link` [ RunTime:0.0011s ]
SQL: SELECT * FROM `tp_link`  [ RunTime:0.0006s ]
SQL: SHOW COLUMNS FROM `tp_essay` [ RunTime:0.0008s ]
SQL: SELECT COUNT(*) AS tp_count FROM `tp_essay` WHERE `cateid` = 'images' LIMIT 1   [ RunTime:0.0005s ]
SQL: SELECT * FROM `tp_essay` WHERE `cateid` = 'images' ORDER BY time desc LIMIT 0,5   [ RunTime:0.0005s ]
INFO: [ view_parse ] --START--
INFO: [ template_filter ] --START--
INFO: Run Behavior\ContentReplaceBehavior [ RunTime:0.000173s ]
INFO: [ template_filter ] --END-- [ RunTime:0.000325s ]
NOTIC: [8] Undefined index: id D:\wamp64\www\tp\Application\Runtime\Cache\Home\d7afc08e88068689bd04637b9b480409.php 第 49 行.
INFO: Run Behavior\ParseTemplateBehavior [ RunTime:0.014118s ]
INFO: [ view_parse ] --END-- [ RunTime:0.014237s ]
INFO: [ view_filter ] --START--
INFO: Run Behavior\WriteHtmlCacheBehavior [ RunTime:0.000399s ]
INFO: [ view_filter ] --END-- [ RunTime:0.000521s ]
INFO: [ app_end ] --START--
INFO: Run Behavior\ShowPageTraceBehavior [ RunTime:0.000748s ]
INFO: [ app_end ] --END-- [ RunTime:0.000852s ]

[ 2018-03-06T21:57:02+08:00 ] ::1 /tp/index.php/Home/Home/index/id/53
INFO: [ app_init ] --START--
INFO: Run Behavior\BuildLiteBehavior [ RunTime:0.000021s ]
INFO: [ app_init ] --END-- [ RunTime:0.000430s ]
INFO: [ app_begin ] --START--
INFO: Run Behavior\ReadHtmlCacheBehavior [ RunTime:0.000489s ]
INFO: [ app_begin ] --END-- [ RunTime:0.000556s ]
SQL: SHOW COLUMNS FROM `tp_article` [ RunTime:0.0008s ]
SQL: SELECT * FROM `tp_article` ORDER BY id desc  [ RunTime:0.0005s ]
SQL: SHOW COLUMNS FROM `tp_link` [ RunTime:0.0007s ]
SQL: SELECT * FROM `tp_link`  [ RunTime:0.0003s ]
SQL: SHOW COLUMNS FROM `tp_essay` [ RunTime:0.0006s ]
SQL: SELECT COUNT(*) AS tp_count FROM `tp_essay` WHERE `cateid` = '53' LIMIT 1   [ RunTime:0.0004s ]
SQL: SELECT * FROM `tp_essay` WHERE `cateid` = '53' ORDER BY time desc LIMIT 0,5   [ RunTime:0.0004s ]
INFO: [ view_parse ] --START--
INFO: [ template_filter ] --START--
INFO: Run Behavior\ContentReplaceBehavior [ RunTime:0.000082s ]
INFO: [ template_filter ] --END-- [ RunTime:0.000172s ]
NOTIC: [8] Undefined index: id D:\wamp64\www\tp\Application\Runtime\Cache\Home\d7afc08e88068689bd04637b9b480409.php 第 49 行.
INFO: Run Behavior\ParseTemplateBehavior [ RunTime:0.013373s ]
INFO: [ view_parse ] --END-- [ RunTime:0.013463s ]
INFO: [ view_filter ] --START--
INFO: Run Behavior\WriteHtmlCacheBehavior [ RunTime:0.000358s ]
INFO: [ view_filter ] --END-- [ RunTime:0.000425s ]
INFO: [ app_end ] --START--
INFO: Run Behavior\ShowPageTraceBehavior [ RunTime:0.000841s ]
INFO: [ app_end ] --END-- [ RunTime:0.000970s ]

[ 2018-03-06T21:57:02+08:00 ] ::1 /tp/
INFO: [ app_init ] --START--
INFO: Run Behavior\BuildLiteBehavior [ RunTime:0.000017s ]
INFO: [ app_init ] --END-- [ RunTime:0.000313s ]
INFO: [ app_begin ] --START--
INFO: Run Behavior\ReadHtmlCacheBehavior [ RunTime:0.000384s ]
INFO: [ app_begin ] --END-- [ RunTime:0.000451s ]
SQL: SHOW COLUMNS FROM `tp_article` [ RunTime:0.0013s ]
SQL: SELECT * FROM `tp_article` ORDER BY id desc  [ RunTime:0.0004s ]
SQL: SHOW COLUMNS FROM `tp_link` [ RunTime:0.0008s ]
SQL: SELECT * FROM `tp_link`  [ RunTime:0.0004s ]
SQL: SHOW COLUMNS FROM `tp_essay` [ RunTime:0.0007s ]
SQL: SELECT COUNT(*) AS tp_count FROM `tp_essay` WHERE `cateid` = '' LIMIT 1   [ RunTime:0.0003s ]
SQL: SELECT * FROM `tp_essay` WHERE `cateid` = '' ORDER BY time desc LIMIT 0,5   [ RunTime:0.0004s ]
INFO: [ view_parse ] --START--
INFO: [ template_filter ] --START--
INFO: Run Behavior\ContentReplaceBehavior [ RunTime:0.000166s ]
INFO: [ template_filter ] --END-- [ RunTime:0.000336s ]
NOTIC: [8] Undefined index: id D:\wamp64\www\tp\Application\Runtime\Cache\Home\d7afc08e88068689bd04637b9b480409.php 第 49 行.
INFO: Run Behavior\ParseTemplateBehavior [ RunTime:0.014198s ]
INFO: [ view_parse ] --END-- [ RunTime:0.014269s ]
INFO: [ view_filter ] --START--
INFO: Run Behavior\WriteHtmlCacheBehavior [ RunTime:0.000245s ]
INFO: [ view_filter ] --END-- [ RunTime:0.000304s ]
INFO: [ app_end ] --START--
INFO: Run Behavior\ShowPageTraceBehavior [ RunTime:0.000400s ]
INFO: [ app_end ] --END-- [ RunTime:0.000474s ]

[ 2018-03-06T21:57:02+08:00 ] ::1 /tp/index.php/Home/Home/index/id/images/nav.swf
INFO: [ app_init ] --START--
INFO: Run Behavior\BuildLiteBehavior [ RunTime:0.000025s ]
INFO: [ app_init ] --END-- [ RunTime:0.000491s ]
INFO: [ app_begin ] --START--
INFO: Run Behavior\ReadHtmlCacheBehavior [ RunTime:0.000683s ]
INFO: [ app_begin ] --END-- [ RunTime:0.000802s ]
SQL: SHOW COLUMNS FROM `tp_article` [ RunTime:0.0008s ]
SQL: SELECT * FROM `tp_article` ORDER BY id desc  [ RunTime:0.0010s ]
SQL: SHOW COLUMNS FROM `tp_link` [ RunTime:0.0009s ]
SQL: SELECT * FROM `tp_link`  [ RunTime:0.0004s ]
SQL: SHOW COLUMNS FROM `tp_essay` [ RunTime:0.0009s ]
SQL: SELECT COUNT(*) AS tp_count FROM `tp_essay` WHERE `cateid` = 'images' LIMIT 1   [ RunTime:0.0005s ]
SQL: SELECT * FROM `tp_essay` WHERE `cateid` = 'images' ORDER BY time desc LIMIT 0,5   [ RunTime:0.0006s ]
INFO: [ view_parse ] --START--
INFO: [ template_filter ] --START--
INFO: Run Behavior\ContentReplaceBehavior [ RunTime:0.000130s ]
INFO: [ template_filter ] --END-- [ RunTime:0.000272s ]
NOTIC: [8] Undefined index: id D:\wamp64\www\tp\Application\Runtime\Cache\Home\d7afc08e88068689bd04637b9b480409.php 第 49 行.
INFO: Run Behavior\ParseTemplateBehavior [ RunTime:0.015328s ]
INFO: [ view_parse ] --END-- [ RunTime:0.015474s ]
INFO: [ view_filter ] --START--
INFO: Run Behavior\WriteHtmlCacheBehavior [ RunTime:0.000377s ]
INFO: [ view_filter ] --END-- [ RunTime:0.000480s ]
INFO: [ app_end ] --START--
INFO: Run Behavior\ShowPageTraceBehavior [ RunTime:0.000703s ]
INFO: [ app_end ] --END-- [ RunTime:0.000828s ]

[ 2018-03-06T21:57:02+08:00 ] ::1 /tp/index.php/Home/Home/index/id/52
INFO: [ app_init ] --START--
INFO: Run Behavior\BuildLiteBehavior [ RunTime:0.000017s ]
INFO: [ app_init ] --END-- [ RunTime:0.000325s ]
INFO: [ app_begin ] --START--
INFO: Run Behavior\ReadHtmlCacheBehavior [ RunTime:0.000534s ]
INFO: [ app_begin ] --END-- [ RunTime:0.000643s ]
SQL: SHOW COLUMNS FROM `tp_article` [ RunTime:0.0008s ]
SQL: SELECT * FROM `tp_article` ORDER BY id desc  [ RunTime:0.0004s ]
SQL: SHOW COLUMNS FROM `tp_link` [ RunTime:0.0008s ]
SQL: SELECT * FROM `tp_link`  [ RunTime:0.0004s ]
SQL: SHOW COLUMNS FROM `tp_essay` [ RunTime:0.0006s ]
SQL: SELECT COUNT(*) AS tp_count FROM `tp_essay` WHERE `cateid` = '52' LIMIT 1   [ RunTime:0.0003s ]
SQL: SELECT * FROM `tp_essay` WHERE `cateid` = '52' ORDER BY time desc LIMIT 0,5   [ RunTime:0.0004s ]
INFO: [ view_parse ] --START--
INFO: [ template_filter ] --START--
INFO: Run Behavior\ContentReplaceBehavior [ RunTime:0.000084s ]
INFO: [ template_filter ] --END-- [ RunTime:0.000165s ]
NOTIC: [8] Undefined index: id D:\wamp64\www\tp\Application\Runtime\Cache\Home\d7afc08e88068689bd04637b9b480409.php 第 49 行.
INFO: Run Behavior\ParseTemplateBehavior [ RunTime:0.009688s ]
INFO: [ view_parse ] --END-- [ RunTime:0.009794s ]
INFO: [ view_filter ] --START--
INFO: Run Behavior\WriteHtmlCacheBehavior [ RunTime:0.000274s ]
INFO: [ view_filter ] --END-- [ RunTime:0.000346s ]
INFO: [ app_end ] --START--
INFO: Run Behavior\ShowPageTraceBehavior [ RunTime:0.000391s ]
INFO: [ app_end ] --END-- [ RunTime:0.000465s ]

[ 2018-03-06T21:57:03+08:00 ] ::1 /tp/index.php/Home/Home/index/id/images/nav.swf
INFO: [ app_init ] --START--
INFO: Run Behavior\BuildLiteBehavior [ RunTime:0.000058s ]
INFO: [ app_init ] --END-- [ RunTime:0.000659s ]
INFO: [ app_begin ] --START--
INFO: Run Behavior\ReadHtmlCacheBehavior [ RunTime:0.000784s ]
INFO: [ app_begin ] --END-- [ RunTime:0.000933s ]
SQL: SHOW COLUMNS FROM `tp_article` [ RunTime:0.0007s ]
SQL: SELECT * FROM `tp_article` ORDER BY id desc  [ RunTime:0.0004s ]
SQL: SHOW COLUMNS FROM `tp_link` [ RunTime:0.0007s ]
SQL: SELECT * FROM `tp_link`  [ RunTime:0.0003s ]
SQL: SHOW COLUMNS FROM `tp_essay` [ RunTime:0.0007s ]
SQL: SELECT COUNT(*) AS tp_count FROM `tp_essay` WHERE `cateid` = 'images' LIMIT 1   [ RunTime:0.0006s ]
SQL: SELECT * FROM `tp_essay` WHERE `cateid` = 'images' ORDER BY time desc LIMIT 0,5   [ RunTime:0.0006s ]
INFO: [ view_parse ] --START--
INFO: [ template_filter ] --START--
INFO: Run Behavior\ContentReplaceBehavior [ RunTime:0.000119s ]
INFO: [ template_filter ] --END-- [ RunTime:0.000262s ]
NOTIC: [8] Undefined index: id D:\wamp64\www\tp\Application\Runtime\Cache\Home\d7afc08e88068689bd04637b9b480409.php 第 49 行.
INFO: Run Behavior\ParseTemplateBehavior [ RunTime:0.012519s ]
INFO: [ view_parse ] --END-- [ RunTime:0.012634s ]
INFO: [ view_filter ] --START--
INFO: Run Behavior\WriteHtmlCacheBehavior [ RunTime:0.000301s ]
INFO: [ view_filter ] --END-- [ RunTime:0.000397s ]
INFO: [ app_end ] --START--
INFO: Run Behavior\ShowPageTraceBehavior [ RunTime:0.001585s ]
INFO: [ app_end ] --END-- [ RunTime:0.001699s ]

[ 2018-03-06T21:57:06+08:00 ] ::1 /tp/index.php/Home/Home/index/id/53
INFO: [ app_init ] --START--
INFO: Run Behavior\BuildLiteBehavior [ RunTime:0.000028s ]
INFO: [ app_init ] --END-- [ RunTime:0.000538s ]
INFO: [ app_begin ] --START--
INFO: Run Behavior\ReadHtmlCacheBehavior [ RunTime:0.000636s ]
INFO: [ app_begin ] --END-- [ RunTime:0.000760s ]
SQL: SHOW COLUMNS FROM `tp_article` [ RunTime:0.0007s ]
SQL: SELECT * FROM `tp_article` ORDER BY id desc  [ RunTime:0.0003s ]
SQL: SHOW COLUMNS FROM `tp_link` [ RunTime:0.0007s ]
SQL: SELECT * FROM `tp_link`  [ RunTime:0.0003s ]
SQL: SHOW COLUMNS FROM `tp_essay` [ RunTime:0.0007s ]
SQL: SELECT COUNT(*) AS tp_count FROM `tp_essay` WHERE `cateid` = '53' LIMIT 1   [ RunTime:0.0009s ]
SQL: SELECT * FROM `tp_essay` WHERE `cateid` = '53' ORDER BY time desc LIMIT 0,5   [ RunTime:0.0006s ]
INFO: [ view_parse ] --START--
INFO: [ template_filter ] --START--
INFO: Run Behavior\ContentReplaceBehavior [ RunTime:0.000104s ]
INFO: [ template_filter ] --END-- [ RunTime:0.000247s ]
NOTIC: [8] Undefined index: id D:\wamp64\www\tp\Application\Runtime\Cache\Home\d7afc08e88068689bd04637b9b480409.php 第 49 行.
INFO: Run Behavior\ParseTemplateBehavior [ RunTime:0.011789s ]
INFO: [ view_parse ] --END-- [ RunTime:0.011887s ]
INFO: [ view_filter ] --START--
INFO: Run Behavior\WriteHtmlCacheBehavior [ RunTime:0.000378s ]
INFO: [ view_filter ] --END-- [ RunTime:0.000454s ]
INFO: [ app_end ] --START--
INFO: Run Behavior\ShowPageTraceBehavior [ RunTime:0.001810s ]
INFO: [ app_end ] --END-- [ RunTime:0.002138s ]

[ 2018-03-06T21:57:06+08:00 ] ::1 /tp/
INFO: [ app_init ] --START--
INFO: Run Behavior\BuildLiteBehavior [ RunTime:0.000027s ]
INFO: [ app_init ] --END-- [ RunTime:0.000490s ]
INFO: [ app_begin ] --START--
INFO: Run Behavior\ReadHtmlCacheBehavior [ RunTime:0.000709s ]
INFO: [ app_begin ] --END-- [ RunTime:0.000842s ]
SQL: SHOW COLUMNS FROM `tp_article` [ RunTime:0.0008s ]
SQL: SELECT * FROM `tp_article` ORDER BY id desc  [ RunTime:0.0005s ]
SQL: SHOW COLUMNS FROM `tp_link` [ RunTime:0.0008s ]
SQL: SELECT * FROM `tp_link`  [ RunTime:0.0004s ]
SQL: SHOW COLUMNS FROM `tp_essay` [ RunTime:0.0008s ]
SQL: SELECT COUNT(*) AS tp_count FROM `tp_essay` WHERE `cateid` = '' LIMIT 1   [ RunTime:0.0005s ]
SQL: SELECT * FROM `tp_essay` WHERE `cateid` = '' ORDER BY time desc LIMIT 0,5   [ RunTime:0.0006s ]
INFO: [ view_parse ] --START--
INFO: [ template_filter ] --START--
INFO: Run Behavior\ContentReplaceBehavior [ RunTime:0.000116s ]
INFO: [ template_filter ] --END-- [ RunTime:0.000266s ]
NOTIC: [8] Undefined index: id D:\wamp64\www\tp\Application\Runtime\Cache\Home\d7afc08e88068689bd04637b9b480409.php 第 49 行.
INFO: Run Behavior\ParseTemplateBehavior [ RunTime:0.014967s ]
INFO: [ view_parse ] --END-- [ RunTime:0.015087s ]
INFO: [ view_filter ] --START--
INFO: Run Behavior\WriteHtmlCacheBehavior [ RunTime:0.000373s ]
INFO: [ view_filter ] --END-- [ RunTime:0.000475s ]
INFO: [ app_end ] --START--
INFO: Run Behavior\ShowPageTraceBehavior [ RunTime:0.000587s ]
INFO: [ app_end ] --END-- [ RunTime:0.000694s ]

[ 2018-03-06T21:57:06+08:00 ] ::1 /tp/index.php/Home/Home/index/id/images/nav.swf
INFO: [ app_init ] --START--
INFO: Run Behavior\BuildLiteBehavior [ RunTime:0.000023s ]
INFO: [ app_init ] --END-- [ RunTime:0.000444s ]
INFO: [ app_begin ] --START--
INFO: Run Behavior\ReadHtmlCacheBehavior [ RunTime:0.000604s ]
INFO: [ app_begin ] --END-- [ RunTime:0.000727s ]
SQL: SHOW COLUMNS FROM `tp_article` [ RunTime:0.0008s ]
SQL: SELECT * FROM `tp_article` ORDER BY id desc  [ RunTime:0.0004s ]
SQL: SHOW COLUMNS FROM `tp_link` [ RunTime:0.0007s ]
SQL: SELECT * FROM `tp_link`  [ RunTime:0.0003s ]
SQL: SHOW COLUMNS FROM `tp_essay` [ RunTime:0.0011s ]
SQL: SELECT COUNT(*) AS tp_count FROM `tp_essay` WHERE `cateid` = 'images' LIMIT 1   [ RunTime:0.0004s ]
SQL: SELECT * FROM `tp_essay` WHERE `cateid` = 'images' ORDER BY time desc LIMIT 0,5   [ RunTime:0.0004s ]
INFO: [ view_parse ] --START--
INFO: [ template_filter ] --START--
INFO: Run Behavior\ContentReplaceBehavior [ RunTime:0.000115s ]
INFO: [ template_filter ] --END-- [ RunTime:0.000252s ]
NOTIC: [8] Undefined index: id D:\wamp64\www\tp\Application\Runtime\Cache\Home\d7afc08e88068689bd04637b9b480409.php 第 49 行.
INFO: Run Behavior\ParseTemplateBehavior [ RunTime:0.016005s ]
INFO: [ view_parse ] --END-- [ RunTime:0.016127s ]
INFO: [ view_filter ] --START--
INFO: Run Behavior\WriteHtmlCacheBehavior [ RunTime:0.000360s ]
INFO: [ view_filter ] --END-- [ RunTime:0.000462s ]
INFO: [ app_end ] --START--
INFO: Run Behavior\ShowPageTraceBehavior [ RunTime:0.000623s ]
INFO: [ app_end ] --END-- [ RunTime:0.000731s ]

[ 2018-03-06T21:57:06+08:00 ] ::1 /tp/index.php/Home/Home/index/id/55
INFO: [ app_init ] --START--
INFO: Run Behavior\BuildLiteBehavior [ RunTime:0.000019s ]
INFO: [ app_init ] --END-- [ RunTime:0.000458s ]
INFO: [ app_begin ] --START--
INFO: Run Behavior\ReadHtmlCacheBehavior [ RunTime:0.000728s ]
INFO: [ app_begin ] --END-- [ RunTime:0.000833s ]
SQL: SHOW COLUMNS FROM `tp_article` [ RunTime:0.0006s ]
SQL: SELECT * FROM `tp_article` ORDER BY id desc  [ RunTime:0.0004s ]
SQL: SHOW COLUMNS FROM `tp_link` [ RunTime:0.0007s ]
SQL: SELECT * FROM `tp_link`  [ RunTime:0.0009s ]
SQL: SHOW COLUMNS FROM `tp_essay` [ RunTime:0.0007s ]
SQL: SELECT COUNT(*) AS tp_count FROM `tp_essay` WHERE `cateid` = '55' LIMIT 1   [ RunTime:0.0004s ]
SQL: SELECT * FROM `tp_essay` WHERE `cateid` = '55' ORDER BY time desc LIMIT 0,5   [ RunTime:0.0009s ]
INFO: [ view_parse ] --START--
INFO: [ template_filter ] --START--
INFO: Run Behavior\ContentReplaceBehavior [ RunTime:0.000086s ]
INFO: [ template_filter ] --END-- [ RunTime:0.000174s ]
NOTIC: [8] Undefined index: id D:\wamp64\www\tp\Application\Runtime\Cache\Home\d7afc08e88068689bd04637b9b480409.php 第 49 行.
INFO: Run Behavior\ParseTemplateBehavior [ RunTime:0.008375s ]
INFO: [ view_parse ] --END-- [ RunTime:0.008451s ]
INFO: [ view_filter ] --START--
INFO: Run Behavior\WriteHtmlCacheBehavior [ RunTime:0.000279s ]
INFO: [ view_filter ] --END-- [ RunTime:0.000344s ]
INFO: [ app_end ] --START--
INFO: Run Behavior\ShowPageTraceBehavior [ RunTime:0.000467s ]
INFO: [ app_end ] --END-- [ RunTime:0.000542s ]

[ 2018-03-06T21:57:07+08:00 ] ::1 /tp/index.php/Home/Home/index/id/images/nav.swf
INFO: [ app_init ] --START--
INFO: Run Behavior\BuildLiteBehavior [ RunTime:0.000026s ]
INFO: [ app_init ] --END-- [ RunTime:0.000562s ]
INFO: [ app_begin ] --START--
INFO: Run Behavior\ReadHtmlCacheBehavior [ RunTime:0.000617s ]
INFO: [ app_begin ] --END-- [ RunTime:0.000736s ]
SQL: SHOW COLUMNS FROM `tp_article` [ RunTime:0.0007s ]
SQL: SELECT * FROM `tp_article` ORDER BY id desc  [ RunTime:0.0003s ]
SQL: SHOW COLUMNS FROM `tp_link` [ RunTime:0.0007s ]
SQL: SELECT * FROM `tp_link`  [ RunTime:0.0003s ]
SQL: SHOW COLUMNS FROM `tp_essay` [ RunTime:0.0007s ]
SQL: SELECT COUNT(*) AS tp_count FROM `tp_essay` WHERE `cateid` = 'images' LIMIT 1   [ RunTime:0.0004s ]
SQL: SELECT * FROM `tp_essay` WHERE `cateid` = 'images' ORDER BY time desc LIMIT 0,5   [ RunTime:0.0004s ]
INFO: [ view_parse ] --START--
INFO: [ template_filter ] --START--
INFO: Run Behavior\ContentReplaceBehavior [ RunTime:0.000133s ]
INFO: [ template_filter ] --END-- [ RunTime:0.000280s ]
NOTIC: [8] Undefined index: id D:\wamp64\www\tp\Application\Runtime\Cache\Home\d7afc08e88068689bd04637b9b480409.php 第 49 行.
INFO: Run Behavior\ParseTemplateBehavior [ RunTime:0.018162s ]
INFO: [ view_parse ] --END-- [ RunTime:0.018279s ]
INFO: [ view_filter ] --START--
INFO: Run Behavior\WriteHtmlCacheBehavior [ RunTime:0.000402s ]
INFO: [ view_filter ] --END-- [ RunTime:0.000505s ]
INFO: [ app_end ] --START--
INFO: Run Behavior\ShowPageTraceBehavior [ RunTime:0.000646s ]
INFO: [ app_end ] --END-- [ RunTime:0.000763s ]

[ 2018-03-06T21:57:07+08:00 ] ::1 /tp/index.php/Home/Home/index/id/53
INFO: [ app_init ] --START--
INFO: Run Behavior\BuildLiteBehavior [ RunTime:0.000016s ]
INFO: [ app_init ] --END-- [ RunTime:0.000305s ]
INFO: [ app_begin ] --START--
INFO: Run Behavior\ReadHtmlCacheBehavior [ RunTime:0.000349s ]
INFO: [ app_begin ] --END-- [ RunTime:0.000414s ]
SQL: SHOW COLUMNS FROM `tp_article` [ RunTime:0.0008s ]
SQL: SELECT * FROM `tp_article` ORDER BY id desc  [ RunTime:0.0003s ]
SQL: SHOW COLUMNS FROM `tp_link` [ RunTime:0.0006s ]
SQL: SELECT * FROM `tp_link`  [ RunTime:0.0002s ]
SQL: SHOW COLUMNS FROM `tp_essay` [ RunTime:0.0007s ]
SQL: SELECT COUNT(*) AS tp_count FROM `tp_essay` WHERE `cateid` = '53' LIMIT 1   [ RunTime:0.0004s ]
SQL: SELECT * FROM `tp_essay` WHERE `cateid` = '53' ORDER BY time desc LIMIT 0,5   [ RunTime:0.0005s ]
INFO: [ view_parse ] --START--
INFO: [ template_filter ] --START--
INFO: Run Behavior\ContentReplaceBehavior [ RunTime:0.000112s ]
INFO: [ template_filter ] --END-- [ RunTime:0.000276s ]
NOTIC: [8] Undefined index: id D:\wamp64\www\tp\Application\Runtime\Cache\Home\d7afc08e88068689bd04637b9b480409.php 第 49 行.
INFO: Run Behavior\ParseTemplateBehavior [ RunTime:0.010759s ]
INFO: [ view_parse ] --END-- [ RunTime:0.010845s ]
INFO: [ view_filter ] --START--
INFO: Run Behavior\WriteHtmlCacheBehavior [ RunTime:0.000239s ]
INFO: [ view_filter ] --END-- [ RunTime:0.000358s ]
INFO: [ app_end ] --START--
INFO: Run Behavior\ShowPageTraceBehavior [ RunTime:0.000739s ]
INFO: [ app_end ] --END-- [ RunTime:0.000878s ]

[ 2018-03-06T21:57:07+08:00 ] ::1 /tp/
INFO: [ app_init ] --START--
INFO: Run Behavior\BuildLiteBehavior [ RunTime:0.000016s ]
INFO: [ app_init ] --END-- [ RunTime:0.000302s ]
INFO: [ app_begin ] --START--
INFO: Run Behavior\ReadHtmlCacheBehavior [ RunTime:0.000501s ]
INFO: [ app_begin ] --END-- [ RunTime:0.000621s ]
SQL: SHOW COLUMNS FROM `tp_article` [ RunTime:0.0007s ]
SQL: SELECT * FROM `tp_article` ORDER BY id desc  [ RunTime:0.0003s ]
SQL: SHOW COLUMNS FROM `tp_link` [ RunTime:0.0007s ]
SQL: SELECT * FROM `tp_link`  [ RunTime:0.0004s ]
SQL: SHOW COLUMNS FROM `tp_essay` [ RunTime:0.0008s ]
SQL: SELECT COUNT(*) AS tp_count FROM `tp_essay` WHERE `cateid` = '' LIMIT 1   [ RunTime:0.0004s ]
SQL: SELECT * FROM `tp_essay` WHERE `cateid` = '' ORDER BY time desc LIMIT 0,5   [ RunTime:0.0004s ]
INFO: [ view_parse ] --START--
INFO: [ template_filter ] --START--
INFO: Run Behavior\ContentReplaceBehavior [ RunTime:0.000091s ]
INFO: [ template_filter ] --END-- [ RunTime:0.000193s ]
NOTIC: [8] Undefined index: id D:\wamp64\www\tp\Application\Runtime\Cache\Home\d7afc08e88068689bd04637b9b480409.php 第 49 行.
INFO: Run Behavior\ParseTemplateBehavior [ RunTime:0.011009s ]
INFO: [ view_parse ] --END-- [ RunTime:0.011104s ]
INFO: [ view_filter ] --START--
INFO: Run Behavior\WriteHtmlCacheBehavior [ RunTime:0.000220s ]
INFO: [ view_filter ] --END-- [ RunTime:0.000297s ]
INFO: [ app_end ] --START--
INFO: Run Behavior\ShowPageTraceBehavior [ RunTime:0.000411s ]
INFO: [ app_end ] --END-- [ RunTime:0.000487s ]

[ 2018-03-06T21:57:07+08:00 ] ::1 /tp/index.php/Home/Home/index/id/images/nav.swf
INFO: [ app_init ] --START--
INFO: Run Behavior\BuildLiteBehavior [ RunTime:0.000026s ]
INFO: [ app_init ] --END-- [ RunTime:0.000518s ]
INFO: [ app_begin ] --START--
INFO: Run Behavior\ReadHtmlCacheBehavior [ RunTime:0.000604s ]
INFO: [ app_begin ] --END-- [ RunTime:0.000732s ]
SQL: SHOW COLUMNS FROM `tp_article` [ RunTime:0.0007s ]
SQL: SELECT * FROM `tp_article` ORDER BY id desc  [ RunTime:0.0005s ]
SQL: SHOW COLUMNS FROM `tp_link` [ RunTime:0.0009s ]
SQL: SELECT * FROM `tp_link`  [ RunTime:0.0005s ]
SQL: SHOW COLUMNS FROM `tp_essay` [ RunTime:0.0010s ]
SQL: SELECT COUNT(*) AS tp_count FROM `tp_essay` WHERE `cateid` = 'images' LIMIT 1   [ RunTime:0.0005s ]
SQL: SELECT * FROM `tp_essay` WHERE `cateid` = 'images' ORDER BY time desc LIMIT 0,5   [ RunTime:0.0006s ]
INFO: [ view_parse ] --START--
INFO: [ template_filter ] --START--
INFO: Run Behavior\ContentReplaceBehavior [ RunTime:0.000128s ]
INFO: [ template_filter ] --END-- [ RunTime:0.000380s ]
NOTIC: [8] Undefined index: id D:\wamp64\www\tp\Application\Runtime\Cache\Home\d7afc08e88068689bd04637b9b480409.php 第 49 行.
INFO: Run Behavior\ParseTemplateBehavior [ RunTime:0.019353s ]
INFO: [ view_parse ] --END-- [ RunTime:0.019482s ]
INFO: [ view_filter ] --START--
INFO: Run Behavior\WriteHtmlCacheBehavior [ RunTime:0.000401s ]
INFO: [ view_filter ] --END-- [ RunTime:0.000502s ]
INFO: [ app_end ] --START--
INFO: Run Behavior\ShowPageTraceBehavior [ RunTime:0.000624s ]
INFO: [ app_end ] --END-- [ RunTime:0.000745s ]

[ 2018-03-06T21:57:08+08:00 ] ::1 /tp/index.php/Home/Home/index/id/52
INFO: [ app_init ] --START--
INFO: Run Behavior\BuildLiteBehavior [ RunTime:0.000017s ]
INFO: [ app_init ] --END-- [ RunTime:0.000319s ]
INFO: [ app_begin ] --START--
INFO: Run Behavior\ReadHtmlCacheBehavior [ RunTime:0.000351s ]
INFO: [ app_begin ] --END-- [ RunTime:0.000415s ]
SQL: SHOW COLUMNS FROM `tp_article` [ RunTime:0.0008s ]
SQL: SELECT * FROM `tp_article` ORDER BY id desc  [ RunTime:0.0010s ]
SQL: SHOW COLUMNS FROM `tp_link` [ RunTime:0.0007s ]
SQL: SELECT * FROM `tp_link`  [ RunTime:0.0003s ]
SQL: SHOW COLUMNS FROM `tp_essay` [ RunTime:0.0006s ]
SQL: SELECT COUNT(*) AS tp_count FROM `tp_essay` WHERE `cateid` = '52' LIMIT 1   [ RunTime:0.0003s ]
SQL: SELECT * FROM `tp_essay` WHERE `cateid` = '52' ORDER BY time desc LIMIT 0,5   [ RunTime:0.0004s ]
INFO: [ view_parse ] --START--
INFO: [ template_filter ] --START--
INFO: Run Behavior\ContentReplaceBehavior [ RunTime:0.000089s ]
INFO: [ template_filter ] --END-- [ RunTime:0.000179s ]
NOTIC: [8] Undefined index: id D:\wamp64\www\tp\Application\Runtime\Cache\Home\d7afc08e88068689bd04637b9b480409.php 第 49 行.
INFO: Run Behavior\ParseTemplateBehavior [ RunTime:0.008938s ]
INFO: [ view_parse ] --END-- [ RunTime:0.009028s ]
INFO: [ view_filter ] --START--
INFO: Run Behavior\WriteHtmlCacheBehavior [ RunTime:0.000470s ]
INFO: [ view_filter ] --END-- [ RunTime:0.000557s ]
INFO: [ app_end ] --START--
INFO: Run Behavior\ShowPageTraceBehavior [ RunTime:0.000453s ]
INFO: [ app_end ] --END-- [ RunTime:0.000517s ]

[ 2018-03-06T21:57:08+08:00 ] ::1 /tp/index.php/Home/Home/index/id/images/nav.swf
INFO: [ app_init ] --START--
INFO: Run Behavior\BuildLiteBehavior [ RunTime:0.000025s ]
INFO: [ app_init ] --END-- [ RunTime:0.000514s ]
INFO: [ app_begin ] --START--
INFO: Run Behavior\ReadHtmlCacheBehavior [ RunTime:0.000602s ]
INFO: [ app_begin ] --END-- [ RunTime:0.000725s ]
SQL: SHOW COLUMNS FROM `tp_article` [ RunTime:0.0010s ]
SQL: SELECT * FROM `tp_article` ORDER BY id desc  [ RunTime:0.0006s ]
SQL: SHOW COLUMNS FROM `tp_link` [ RunTime:0.0008s ]
SQL: SELECT * FROM `tp_link`  [ RunTime:0.0003s ]
SQL: SHOW COLUMNS FROM `tp_essay` [ RunTime:0.0008s ]
SQL: SELECT COUNT(*) AS tp_count FROM `tp_essay` WHERE `cateid` = 'images' LIMIT 1   [ RunTime:0.0005s ]
SQL: SELECT * FROM `tp_essay` WHERE `cateid` = 'images' ORDER BY time desc LIMIT 0,5   [ RunTime:0.0005s ]
INFO: [ view_parse ] --START--
INFO: [ template_filter ] --START--
INFO: Run Behavior\ContentReplaceBehavior [ RunTime:0.000132s ]
INFO: [ template_filter ] --END-- [ RunTime:0.000278s ]
NOTIC: [8] Undefined index: id D:\wamp64\www\tp\Application\Runtime\Cache\Home\d7afc08e88068689bd04637b9b480409.php 第 49 行.
INFO: Run Behavior\ParseTemplateBehavior [ RunTime:0.013814s ]
INFO: [ view_parse ] --END-- [ RunTime:0.013948s ]
INFO: [ view_filter ] --START--
INFO: Run Behavior\WriteHtmlCacheBehavior [ RunTime:0.000419s ]
INFO: [ view_filter ] --END-- [ RunTime:0.000530s ]
INFO: [ app_end ] --START--
INFO: Run Behavior\ShowPageTraceBehavior [ RunTime:0.000666s ]
INFO: [ app_end ] --END-- [ RunTime:0.000786s ]

[ 2018-03-06T21:57:09+08:00 ] ::1 /tp/index.php/Home/Home/index/id/53
INFO: [ app_init ] --START--
INFO: Run Behavior\BuildLiteBehavior [ RunTime:0.000030s ]
INFO: [ app_init ] --END-- [ RunTime:0.000570s ]
INFO: [ app_begin ] --START--
INFO: Run Behavior\ReadHtmlCacheBehavior [ RunTime:0.000428s ]
INFO: [ app_begin ] --END-- [ RunTime:0.000515s ]
SQL: SHOW COLUMNS FROM `tp_article` [ RunTime:0.0006s ]
SQL: SELECT * FROM `tp_article` ORDER BY id desc  [ RunTime:0.0003s ]
SQL: SHOW COLUMNS FROM `tp_link` [ RunTime:0.0008s ]
SQL: SELECT * FROM `tp_link`  [ RunTime:0.0004s ]
SQL: SHOW COLUMNS FROM `tp_essay` [ RunTime:0.0010s ]
SQL: SELECT COUNT(*) AS tp_count FROM `tp_essay` WHERE `cateid` = '53' LIMIT 1   [ RunTime:0.0004s ]
SQL: SELECT * FROM `tp_essay` WHERE `cateid` = '53' ORDER BY time desc LIMIT 0,5   [ RunTime:0.0007s ]
INFO: [ view_parse ] --START--
INFO: [ template_filter ] --START--
INFO: Run Behavior\ContentReplaceBehavior [ RunTime:0.000085s ]
INFO: [ template_filter ] --END-- [ RunTime:0.000192s ]
NOTIC: [8] Undefined index: id D:\wamp64\www\tp\Application\Runtime\Cache\Home\d7afc08e88068689bd04637b9b480409.php 第 49 行.
INFO: Run Behavior\ParseTemplateBehavior [ RunTime:0.009745s ]
INFO: [ view_parse ] --END-- [ RunTime:0.009850s ]
INFO: [ view_filter ] --START--
INFO: Run Behavior\WriteHtmlCacheBehavior [ RunTime:0.000526s ]
INFO: [ view_filter ] --END-- [ RunTime:0.000633s ]
INFO: [ app_end ] --START--
INFO: Run Behavior\ShowPageTraceBehavior [ RunTime:0.001562s ]
INFO: [ app_end ] --END-- [ RunTime:0.001743s ]

[ 2018-03-06T21:57:09+08:00 ] ::1 /tp/
INFO: [ app_init ] --START--
INFO: Run Behavior\BuildLiteBehavior [ RunTime:0.000017s ]
INFO: [ app_init ] --END-- [ RunTime:0.000298s ]
INFO: [ app_begin ] --START--
INFO: Run Behavior\ReadHtmlCacheBehavior [ RunTime:0.000362s ]
INFO: [ app_begin ] --END-- [ RunTime:0.000435s ]
SQL: SHOW COLUMNS FROM `tp_article` [ RunTime:0.0008s ]
SQL: SELECT * FROM `tp_article` ORDER BY id desc  [ RunTime:0.0004s ]
SQL: SHOW COLUMNS FROM `tp_link` [ RunTime:0.0006s ]
SQL: SELECT * FROM `tp_link`  [ RunTime:0.0003s ]
SQL: SHOW COLUMNS FROM `tp_essay` [ RunTime:0.0007s ]
SQL: SELECT COUNT(*) AS tp_count FROM `tp_essay` WHERE `cateid` = '' LIMIT 1   [ RunTime:0.0004s ]
SQL: SELECT * FROM `tp_essay` WHERE `cateid` = '' ORDER BY time desc LIMIT 0,5   [ RunTime:0.0005s ]
INFO: [ view_parse ] --START--
INFO: [ template_filter ] --START--
INFO: Run Behavior\ContentReplaceBehavior [ RunTime:0.000087s ]
INFO: [ template_filter ] --END-- [ RunTime:0.000175s ]
NOTIC: [8] Undefined index: id D:\wamp64\www\tp\Application\Runtime\Cache\Home\d7afc08e88068689bd04637b9b480409.php 第 49 行.
INFO: Run Behavior\ParseTemplateBehavior [ RunTime:0.011616s ]
INFO: [ view_parse ] --END-- [ RunTime:0.011794s ]
INFO: [ view_filter ] --START--
INFO: Run Behavior\WriteHtmlCacheBehavior [ RunTime:0.000374s ]
INFO: [ view_filter ] --END-- [ RunTime:0.000457s ]
INFO: [ app_end ] --START--
INFO: Run Behavior\ShowPageTraceBehavior [ RunTime:0.000469s ]
INFO: [ app_end ] --END-- [ RunTime:0.000539s ]

[ 2018-03-06T21:57:09+08:00 ] ::1 /tp/index.php/Home/Home/index/id/images/nav.swf
INFO: [ app_init ] --START--
INFO: Run Behavior\BuildLiteBehavior [ RunTime:0.000026s ]
INFO: [ app_init ] --END-- [ RunTime:0.000523s ]
INFO: [ app_begin ] --START--
INFO: Run Behavior\ReadHtmlCacheBehavior [ RunTime:0.000622s ]
INFO: [ app_begin ] --END-- [ RunTime:0.000743s ]
SQL: SHOW COLUMNS FROM `tp_article` [ RunTime:0.0007s ]
SQL: SELECT * FROM `tp_article` ORDER BY id desc  [ RunTime:0.0004s ]
SQL: SHOW COLUMNS FROM `tp_link` [ RunTime:0.0008s ]
SQL: SELECT * FROM `tp_link`  [ RunTime:0.0005s ]
SQL: SHOW COLUMNS FROM `tp_essay` [ RunTime:0.0009s ]
SQL: SELECT COUNT(*) AS tp_count FROM `tp_essay` WHERE `cateid` = 'images' LIMIT 1   [ RunTime:0.0004s ]
SQL: SELECT * FROM `tp_essay` WHERE `cateid` = 'images' ORDER BY time desc LIMIT 0,5   [ RunTime:0.0004s ]
INFO: [ view_parse ] --START--
INFO: [ template_filter ] --START--
INFO: Run Behavior\ContentReplaceBehavior [ RunTime:0.000122s ]
INFO: [ template_filter ] --END-- [ RunTime:0.000260s ]
NOTIC: [8] Undefined index: id D:\wamp64\www\tp\Application\Runtime\Cache\Home\d7afc08e88068689bd04637b9b480409.php 第 49 行.
INFO: Run Behavior\ParseTemplateBehavior [ RunTime:0.013667s ]
INFO: [ view_parse ] --END-- [ RunTime:0.013792s ]
INFO: [ view_filter ] --START--
INFO: Run Behavior\WriteHtmlCacheBehavior [ RunTime:0.000595s ]
INFO: [ view_filter ] --END-- [ RunTime:0.000750s ]
INFO: [ app_end ] --START--
INFO: Run Behavior\ShowPageTraceBehavior [ RunTime:0.000666s ]
INFO: [ app_end ] --END-- [ RunTime:0.000774s ]

[ 2018-03-06T21:57:10+08:00 ] ::1 /tp/index.php/Home/Home/index/id/55
INFO: [ app_init ] --START--
INFO: Run Behavior\BuildLiteBehavior [ RunTime:0.000015s ]
INFO: [ app_init ] --END-- [ RunTime:0.000308s ]
INFO: [ app_begin ] --START--
INFO: Run Behavior\ReadHtmlCacheBehavior [ RunTime:0.000364s ]
INFO: [ app_begin ] --END-- [ RunTime:0.000432s ]
SQL: SHOW COLUMNS FROM `tp_article` [ RunTime:0.0008s ]
SQL: SELECT * FROM `tp_article` ORDER BY id desc  [ RunTime:0.0003s ]
SQL: SHOW COLUMNS FROM `tp_link` [ RunTime:0.0010s ]
SQL: SELECT * FROM `tp_link`  [ RunTime:0.0004s ]
SQL: SHOW COLUMNS FROM `tp_essay` [ RunTime:0.0007s ]
SQL: SELECT COUNT(*) AS tp_count FROM `tp_essay` WHERE `cateid` = '55' LIMIT 1   [ RunTime:0.0006s ]
SQL: SELECT * FROM `tp_essay` WHERE `cateid` = '55' ORDER BY time desc LIMIT 0,5   [ RunTime:0.0004s ]
INFO: [ view_parse ] --START--
INFO: [ template_filter ] --START--
INFO: Run Behavior\ContentReplaceBehavior [ RunTime:0.000084s ]
INFO: [ template_filter ] --END-- [ RunTime:0.000167s ]
NOTIC: [8] Undefined index: id D:\wamp64\www\tp\Application\Runtime\Cache\Home\d7afc08e88068689bd04637b9b480409.php 第 49 行.
INFO: Run Behavior\ParseTemplateBehavior [ RunTime:0.007890s ]
INFO: [ view_parse ] --END-- [ RunTime:0.007974s ]
INFO: [ view_filter ] --START--
INFO: Run Behavior\WriteHtmlCacheBehavior [ RunTime:0.000295s ]
INFO: [ view_filter ] --END-- [ RunTime:0.000356s ]
INFO: [ app_end ] --START--
INFO: Run Behavior\ShowPageTraceBehavior [ RunTime:0.000495s ]
INFO: [ app_end ] --END-- [ RunTime:0.000576s ]

[ 2018-03-06T21:57:10+08:00 ] ::1 /tp/index.php/Home/Home/index/id/images/nav.swf
INFO: [ app_init ] --START--
INFO: Run Behavior\BuildLiteBehavior [ RunTime:0.000026s ]
INFO: [ app_init ] --END-- [ RunTime:0.000524s ]
INFO: [ app_begin ] --START--
INFO: Run Behavior\ReadHtmlCacheBehavior [ RunTime:0.000607s ]
INFO: [ app_begin ] --END-- [ RunTime:0.000727s ]
SQL: SHOW COLUMNS FROM `tp_article` [ RunTime:0.0008s ]
SQL: SELECT * FROM `tp_article` ORDER BY id desc  [ RunTime:0.0005s ]
SQL: SHOW COLUMNS FROM `tp_link` [ RunTime:0.0007s ]
SQL: SELECT * FROM `tp_link`  [ RunTime:0.0004s ]
SQL: SHOW COLUMNS FROM `tp_essay` [ RunTime:0.0010s ]
SQL: SELECT COUNT(*) AS tp_count FROM `tp_essay` WHERE `cateid` = 'images' LIMIT 1   [ RunTime:0.0004s ]
SQL: SELECT * FROM `tp_essay` WHERE `cateid` = 'images' ORDER BY time desc LIMIT 0,5   [ RunTime:0.0005s ]
INFO: [ view_parse ] --START--
INFO: [ template_filter ] --START--
INFO: Run Behavior\ContentReplaceBehavior [ RunTime:0.000145s ]
INFO: [ template_filter ] --END-- [ RunTime:0.000288s ]
NOTIC: [8] Undefined index: id D:\wamp64\www\tp\Application\Runtime\Cache\Home\d7afc08e88068689bd04637b9b480409.php 第 49 行.
INFO: Run Behavior\ParseTemplateBehavior [ RunTime:0.014787s ]
INFO: [ view_parse ] --END-- [ RunTime:0.014988s ]
INFO: [ view_filter ] --START--
INFO: Run Behavior\WriteHtmlCacheBehavior [ RunTime:0.000420s ]
INFO: [ view_filter ] --END-- [ RunTime:0.000565s ]
INFO: [ app_end ] --START--
INFO: Run Behavior\ShowPageTraceBehavior [ RunTime:0.000716s ]
INFO: [ app_end ] --END-- [ RunTime:0.000827s ]

[ 2018-03-06T21:57:10+08:00 ] ::1 /tp/index.php/Home/Home/index/id/53
INFO: [ app_init ] --START--
INFO: Run Behavior\BuildLiteBehavior [ RunTime:0.000025s ]
INFO: [ app_init ] --END-- [ RunTime:0.000474s ]
INFO: [ app_begin ] --START--
INFO: Run Behavior\ReadHtmlCacheBehavior [ RunTime:0.000498s ]
INFO: [ app_begin ] --END-- [ RunTime:0.000597s ]
SQL: SHOW COLUMNS FROM `tp_article` [ RunTime:0.0006s ]
SQL: SELECT * FROM `tp_article` ORDER BY id desc  [ RunTime:0.0003s ]
SQL: SHOW COLUMNS FROM `tp_link` [ RunTime:0.0005s ]
SQL: SELECT * FROM `tp_link`  [ RunTime:0.0008s ]
SQL: SHOW COLUMNS FROM `tp_essay` [ RunTime:0.0013s ]
SQL: SELECT COUNT(*) AS tp_count FROM `tp_essay` WHERE `cateid` = '53' LIMIT 1   [ RunTime:0.0004s ]
SQL: SELECT * FROM `tp_essay` WHERE `cateid` = '53' ORDER BY time desc LIMIT 0,5   [ RunTime:0.0004s ]
INFO: [ view_parse ] --START--
INFO: [ template_filter ] --START--
INFO: Run Behavior\ContentReplaceBehavior [ RunTime:0.000098s ]
INFO: [ template_filter ] --END-- [ RunTime:0.000204s ]
NOTIC: [8] Undefined index: id D:\wamp64\www\tp\Application\Runtime\Cache\Home\d7afc08e88068689bd04637b9b480409.php 第 49 行.
INFO: Run Behavior\ParseTemplateBehavior [ RunTime:0.008628s ]
INFO: [ view_parse ] --END-- [ RunTime:0.008705s ]
INFO: [ view_filter ] --START--
INFO: Run Behavior\WriteHtmlCacheBehavior [ RunTime:0.000258s ]
INFO: [ view_filter ] --END-- [ RunTime:0.000319s ]
INFO: [ app_end ] --START--
INFO: Run Behavior\ShowPageTraceBehavior [ RunTime:0.000592s ]
INFO: [ app_end ] --END-- [ RunTime:0.000690s ]

[ 2018-03-06T21:57:10+08:00 ] ::1 /tp/
INFO: [ app_init ] --START--
INFO: Run Behavior\BuildLiteBehavior [ RunTime:0.000025s ]
INFO: [ app_init ] --END-- [ RunTime:0.000562s ]
INFO: [ app_begin ] --START--
INFO: Run Behavior\ReadHtmlCacheBehavior [ RunTime:0.000576s ]
INFO: [ app_begin ] --END-- [ RunTime:0.000684s ]
SQL: SHOW COLUMNS FROM `tp_article` [ RunTime:0.0008s ]
SQL: SELECT * FROM `tp_article` ORDER BY id desc  [ RunTime:0.0003s ]
SQL: SHOW COLUMNS FROM `tp_link` [ RunTime:0.0006s ]
SQL: SELECT * FROM `tp_link`  [ RunTime:0.0004s ]
SQL: SHOW COLUMNS FROM `tp_essay` [ RunTime:0.0006s ]
SQL: SELECT COUNT(*) AS tp_count FROM `tp_essay` WHERE `cateid` = '' LIMIT 1   [ RunTime:0.0003s ]
SQL: SELECT * FROM `tp_essay` WHERE `cateid` = '' ORDER BY time desc LIMIT 0,5   [ RunTime:0.0004s ]
INFO: [ view_parse ] --START--
INFO: [ template_filter ] --START--
INFO: Run Behavior\ContentReplaceBehavior [ RunTime:0.000082s ]
INFO: [ template_filter ] --END-- [ RunTime:0.000178s ]
NOTIC: [8] Undefined index: id D:\wamp64\www\tp\Application\Runtime\Cache\Home\d7afc08e88068689bd04637b9b480409.php 第 49 行.
INFO: Run Behavior\ParseTemplateBehavior [ RunTime:0.014151s ]
INFO: [ view_parse ] --END-- [ RunTime:0.014265s ]
INFO: [ view_filter ] --START--
INFO: Run Behavior\WriteHtmlCacheBehavior [ RunTime:0.000468s ]
INFO: [ view_filter ] --END-- [ RunTime:0.000581s ]
INFO: [ app_end ] --START--
INFO: Run Behavior\ShowPageTraceBehavior [ RunTime:0.000571s ]
INFO: [ app_end ] --END-- [ RunTime:0.000664s ]

[ 2018-03-06T21:57:10+08:00 ] ::1 /tp/index.php/Home/Home/index/id/images/nav.swf
INFO: [ app_init ] --START--
INFO: Run Behavior\BuildLiteBehavior [ RunTime:0.000020s ]
INFO: [ app_init ] --END-- [ RunTime:0.000331s ]
INFO: [ app_begin ] --START--
INFO: Run Behavior\ReadHtmlCacheBehavior [ RunTime:0.000633s ]
INFO: [ app_begin ] --END-- [ RunTime:0.000755s ]
SQL: SHOW COLUMNS FROM `tp_article` [ RunTime:0.0008s ]
SQL: SELECT * FROM `tp_article` ORDER BY id desc  [ RunTime:0.0004s ]
SQL: SHOW COLUMNS FROM `tp_link` [ RunTime:0.0007s ]
SQL: SELECT * FROM `tp_link`  [ RunTime:0.0004s ]
SQL: SHOW COLUMNS FROM `tp_essay` [ RunTime:0.0005s ]
SQL: SELECT COUNT(*) AS tp_count FROM `tp_essay` WHERE `cateid` = 'images' LIMIT 1   [ RunTime:0.0003s ]
SQL: SELECT * FROM `tp_essay` WHERE `cateid` = 'images' ORDER BY time desc LIMIT 0,5   [ RunTime:0.0004s ]
INFO: [ view_parse ] --START--
INFO: [ template_filter ] --START--
INFO: Run Behavior\ContentReplaceBehavior [ RunTime:0.000086s ]
INFO: [ template_filter ] --END-- [ RunTime:0.000173s ]
NOTIC: [8] Undefined index: id D:\wamp64\www\tp\Application\Runtime\Cache\Home\d7afc08e88068689bd04637b9b480409.php 第 49 行.
INFO: Run Behavior\ParseTemplateBehavior [ RunTime:0.013879s ]
INFO: [ view_parse ] --END-- [ RunTime:0.013982s ]
INFO: [ view_filter ] --START--
INFO: Run Behavior\WriteHtmlCacheBehavior [ RunTime:0.000302s ]
INFO: [ view_filter ] --END-- [ RunTime:0.000401s ]
INFO: [ app_end ] --START--
INFO: Run Behavior\ShowPageTraceBehavior [ RunTime:0.000511s ]
INFO: [ app_end ] --END-- [ RunTime:0.000592s ]

[ 2018-03-06T21:57:10+08:00 ] ::1 /tp/index.php/Home/Home/index/id/52
INFO: [ app_init ] --START--
INFO: Run Behavior\BuildLiteBehavior [ RunTime:0.000025s ]
INFO: [ app_init ] --END-- [ RunTime:0.000480s ]
INFO: [ app_begin ] --START--
INFO: Run Behavior\ReadHtmlCacheBehavior [ RunTime:0.000579s ]
INFO: [ app_begin ] --END-- [ RunTime:0.000693s ]
SQL: SHOW COLUMNS FROM `tp_article` [ RunTime:0.0007s ]
SQL: SELECT * FROM `tp_article` ORDER BY id desc  [ RunTime:0.0003s ]
SQL: SHOW COLUMNS FROM `tp_link` [ RunTime:0.0006s ]
SQL: SELECT * FROM `tp_link`  [ RunTime:0.0002s ]
SQL: SHOW COLUMNS FROM `tp_essay` [ RunTime:0.0007s ]
SQL: SELECT COUNT(*) AS tp_count FROM `tp_essay` WHERE `cateid` = '52' LIMIT 1   [ RunTime:0.0004s ]
SQL: SELECT * FROM `tp_essay` WHERE `cateid` = '52' ORDER BY time desc LIMIT 0,5   [ RunTime:0.0005s ]
INFO: [ view_parse ] --START--
INFO: [ template_filter ] --START--
INFO: Run Behavior\ContentReplaceBehavior [ RunTime:0.000123s ]
INFO: [ template_filter ] --END-- [ RunTime:0.000275s ]
NOTIC: [8] Undefined index: id D:\wamp64\www\tp\Application\Runtime\Cache\Home\d7afc08e88068689bd04637b9b480409.php 第 49 行.
INFO: Run Behavior\ParseTemplateBehavior [ RunTime:0.015658s ]
INFO: [ view_parse ] --END-- [ RunTime:0.015794s ]
INFO: [ view_filter ] --START--
INFO: Run Behavior\WriteHtmlCacheBehavior [ RunTime:0.000459s ]
INFO: [ view_filter ] --END-- [ RunTime:0.000552s ]
INFO: [ app_end ] --START--
INFO: Run Behavior\ShowPageTraceBehavior [ RunTime:0.000701s ]
INFO: [ app_end ] --END-- [ RunTime:0.000814s ]

[ 2018-03-06T21:57:12+08:00 ] ::1 /tp/index.php/Home/Home/index/id/images/nav.swf
INFO: [ app_init ] --START--
INFO: Run Behavior\BuildLiteBehavior [ RunTime:0.000023s ]
INFO: [ app_init ] --END-- [ RunTime:0.000458s ]
INFO: [ app_begin ] --START--
INFO: Run Behavior\ReadHtmlCacheBehavior [ RunTime:0.000523s ]
INFO: [ app_begin ] --END-- [ RunTime:0.000623s ]
SQL: SHOW COLUMNS FROM `tp_article` [ RunTime:0.0007s ]
SQL: SELECT * FROM `tp_article` ORDER BY id desc  [ RunTime:0.0004s ]
SQL: SHOW COLUMNS FROM `tp_link` [ RunTime:0.0008s ]
SQL: SELECT * FROM `tp_link`  [ RunTime:0.0004s ]
SQL: SHOW COLUMNS FROM `tp_essay` [ RunTime:0.0008s ]
SQL: SELECT COUNT(*) AS tp_count FROM `tp_essay` WHERE `cateid` = 'images' LIMIT 1   [ RunTime:0.0005s ]
SQL: SELECT * FROM `tp_essay` WHERE `cateid` = 'images' ORDER BY time desc LIMIT 0,5   [ RunTime:0.0005s ]
INFO: [ view_parse ] --START--
INFO: [ template_filter ] --START--
INFO: Run Behavior\ContentReplaceBehavior [ RunTime:0.000117s ]
INFO: [ template_filter ] --END-- [ RunTime:0.000251s ]
NOTIC: [8] Undefined index: id D:\wamp64\www\tp\Application\Runtime\Cache\Home\d7afc08e88068689bd04637b9b480409.php 第 49 行.
INFO: Run Behavior\ParseTemplateBehavior [ RunTime:0.016754s ]
INFO: [ view_parse ] --END-- [ RunTime:0.016876s ]
INFO: [ view_filter ] --START--
INFO: Run Behavior\WriteHtmlCacheBehavior [ RunTime:0.000375s ]
INFO: [ view_filter ] --END-- [ RunTime:0.000481s ]
INFO: [ app_end ] --START--
INFO: Run Behavior\ShowPageTraceBehavior [ RunTime:0.000631s ]
INFO: [ app_end ] --END-- [ RunTime:0.000743s ]

[ 2018-03-06T21:57:13+08:00 ] ::1 /tp/index.php/Home/Home/index/id/53
INFO: [ app_init ] --START--
INFO: Run Behavior\BuildLiteBehavior [ RunTime:0.000026s ]
INFO: [ app_init ] --END-- [ RunTime:0.000564s ]
INFO: [ app_begin ] --START--
INFO: Run Behavior\ReadHtmlCacheBehavior [ RunTime:0.000705s ]
INFO: [ app_begin ] --END-- [ RunTime:0.000839s ]
SQL: SHOW COLUMNS FROM `tp_article` [ RunTime:0.0008s ]
SQL: SELECT * FROM `tp_article` ORDER BY id desc  [ RunTime:0.0003s ]
SQL: SHOW COLUMNS FROM `tp_link` [ RunTime:0.0007s ]
SQL: SELECT * FROM `tp_link`  [ RunTime:0.0003s ]
SQL: SHOW COLUMNS FROM `tp_essay` [ RunTime:0.0014s ]
SQL: SELECT COUNT(*) AS tp_count FROM `tp_essay` WHERE `cateid` = '53' LIMIT 1   [ RunTime:0.0004s ]
SQL: SELECT * FROM `tp_essay` WHERE `cateid` = '53' ORDER BY time desc LIMIT 0,5   [ RunTime:0.0004s ]
INFO: [ view_parse ] --START--
INFO: [ template_filter ] --START--
INFO: Run Behavior\ContentReplaceBehavior [ RunTime:0.000122s ]
INFO: [ template_filter ] --END-- [ RunTime:0.000262s ]
NOTIC: [8] Undefined index: id D:\wamp64\www\tp\Application\Runtime\Cache\Home\d7afc08e88068689bd04637b9b480409.php 第 49 行.
INFO: Run Behavior\ParseTemplateBehavior [ RunTime:0.009902s ]
INFO: [ view_parse ] --END-- [ RunTime:0.010010s ]
INFO: [ view_filter ] --START--
INFO: Run Behavior\WriteHtmlCacheBehavior [ RunTime:0.000259s ]
INFO: [ view_filter ] --END-- [ RunTime:0.000331s ]
INFO: [ app_end ] --START--
INFO: Run Behavior\ShowPageTraceBehavior [ RunTime:0.001064s ]
INFO: [ app_end ] --END-- [ RunTime:0.001210s ]

[ 2018-03-06T21:57:13+08:00 ] ::1 /tp/
INFO: [ app_init ] --START--
INFO: Run Behavior\BuildLiteBehavior [ RunTime:0.000024s ]
INFO: [ app_init ] --END-- [ RunTime:0.000362s ]
INFO: [ app_begin ] --START--
INFO: Run Behavior\ReadHtmlCacheBehavior [ RunTime:0.000375s ]
INFO: [ app_begin ] --END-- [ RunTime:0.000456s ]
SQL: SHOW COLUMNS FROM `tp_article` [ RunTime:0.0008s ]
SQL: SELECT * FROM `tp_article` ORDER BY id desc  [ RunTime:0.0004s ]
SQL: SHOW COLUMNS FROM `tp_link` [ RunTime:0.0006s ]
SQL: SELECT * FROM `tp_link`  [ RunTime:0.0003s ]
SQL: SHOW COLUMNS FROM `tp_essay` [ RunTime:0.0006s ]
SQL: SELECT COUNT(*) AS tp_count FROM `tp_essay` WHERE `cateid` = '' LIMIT 1   [ RunTime:0.0004s ]
SQL: SELECT * FROM `tp_essay` WHERE `cateid` = '' ORDER BY time desc LIMIT 0,5   [ RunTime:0.0007s ]
INFO: [ view_parse ] --START--
INFO: [ template_filter ] --START--
INFO: Run Behavior\ContentReplaceBehavior [ RunTime:0.000122s ]
INFO: [ template_filter ] --END-- [ RunTime:0.000261s ]
NOTIC: [8] Undefined index: id D:\wamp64\www\tp\Application\Runtime\Cache\Home\d7afc08e88068689bd04637b9b480409.php 第 49 行.
INFO: Run Behavior\ParseTemplateBehavior [ RunTime:0.014250s ]
INFO: [ view_parse ] --END-- [ RunTime:0.014355s ]
INFO: [ view_filter ] --START--
INFO: Run Behavior\WriteHtmlCacheBehavior [ RunTime:0.000319s ]
INFO: [ view_filter ] --END-- [ RunTime:0.000394s ]
INFO: [ app_end ] --START--
INFO: Run Behavior\ShowPageTraceBehavior [ RunTime:0.000740s ]
INFO: [ app_end ] --END-- [ RunTime:0.000851s ]

[ 2018-03-06T21:57:13+08:00 ] ::1 /tp/index.php/Home/Home/index/id/images/nav.swf
INFO: [ app_init ] --START--
INFO: Run Behavior\BuildLiteBehavior [ RunTime:0.000024s ]
INFO: [ app_init ] --END-- [ RunTime:0.000489s ]
INFO: [ app_begin ] --START--
INFO: Run Behavior\ReadHtmlCacheBehavior [ RunTime:0.000670s ]
INFO: [ app_begin ] --END-- [ RunTime:0.000795s ]
SQL: SHOW COLUMNS FROM `tp_article` [ RunTime:0.0010s ]
SQL: SELECT * FROM `tp_article` ORDER BY id desc  [ RunTime:0.0008s ]
SQL: SHOW COLUMNS FROM `tp_link` [ RunTime:0.0010s ]
SQL: SELECT * FROM `tp_link`  [ RunTime:0.0005s ]
SQL: SHOW COLUMNS FROM `tp_essay` [ RunTime:0.0011s ]
SQL: SELECT COUNT(*) AS tp_count FROM `tp_essay` WHERE `cateid` = 'images' LIMIT 1   [ RunTime:0.0005s ]
SQL: SELECT * FROM `tp_essay` WHERE `cateid` = 'images' ORDER BY time desc LIMIT 0,5   [ RunTime:0.0006s ]
INFO: [ view_parse ] --START--
INFO: [ template_filter ] --START--
INFO: Run Behavior\ContentReplaceBehavior [ RunTime:0.000141s ]
INFO: [ template_filter ] --END-- [ RunTime:0.000337s ]
NOTIC: [8] Undefined index: id D:\wamp64\www\tp\Application\Runtime\Cache\Home\d7afc08e88068689bd04637b9b480409.php 第 49 行.
INFO: Run Behavior\ParseTemplateBehavior [ RunTime:0.022657s ]
INFO: [ view_parse ] --END-- [ RunTime:0.022782s ]
INFO: [ view_filter ] --START--
INFO: Run Behavior\WriteHtmlCacheBehavior [ RunTime:0.000441s ]
INFO: [ view_filter ] --END-- [ RunTime:0.000561s ]
INFO: [ app_end ] --START--
INFO: Run Behavior\ShowPageTraceBehavior [ RunTime:0.000623s ]
INFO: [ app_end ] --END-- [ RunTime:0.000735s ]

[ 2018-03-06T21:57:14+08:00 ] ::1 /tp/index.php/Home/Home/index/id/52
INFO: [ app_init ] --START--
INFO: Run Behavior\BuildLiteBehavior [ RunTime:0.000026s ]
INFO: [ app_init ] --END-- [ RunTime:0.000497s ]
INFO: [ app_begin ] --START--
INFO: Run Behavior\ReadHtmlCacheBehavior [ RunTime:0.000594s ]
INFO: [ app_begin ] --END-- [ RunTime:0.000717s ]
SQL: SHOW COLUMNS FROM `tp_article` [ RunTime:0.0008s ]
SQL: SELECT * FROM `tp_article` ORDER BY id desc  [ RunTime:0.0005s ]
SQL: SHOW COLUMNS FROM `tp_link` [ RunTime:0.0008s ]
SQL: SELECT * FROM `tp_link`  [ RunTime:0.0004s ]
SQL: SHOW COLUMNS FROM `tp_essay` [ RunTime:0.0010s ]
SQL: SELECT COUNT(*) AS tp_count FROM `tp_essay` WHERE `cateid` = '52' LIMIT 1   [ RunTime:0.0004s ]
SQL: SELECT * FROM `tp_essay` WHERE `cateid` = '52' ORDER BY time desc LIMIT 0,5   [ RunTime:0.0005s ]
INFO: [ view_parse ] --START--
INFO: [ template_filter ] --START--
INFO: Run Behavior\ContentReplaceBehavior [ RunTime:0.000115s ]
INFO: [ template_filter ] --END-- [ RunTime:0.000253s ]
NOTIC: [8] Undefined index: id D:\wamp64\www\tp\Application\Runtime\Cache\Home\d7afc08e88068689bd04637b9b480409.php 第 49 行.
INFO: Run Behavior\ParseTemplateBehavior [ RunTime:0.028650s ]
INFO: [ view_parse ] --END-- [ RunTime:0.028772s ]
INFO: [ view_filter ] --START--
INFO: Run Behavior\WriteHtmlCacheBehavior [ RunTime:0.000386s ]
INFO: [ view_filter ] --END-- [ RunTime:0.000492s ]
INFO: [ app_end ] --START--
INFO: Run Behavior\ShowPageTraceBehavior [ RunTime:0.000690s ]
INFO: [ app_end ] --END-- [ RunTime:0.000809s ]

[ 2018-03-06T21:57:14+08:00 ] ::1 /tp/index.php/Home/Home/index/id/images/nav.swf
INFO: [ app_init ] --START--
INFO: Run Behavior\BuildLiteBehavior [ RunTime:0.000025s ]
INFO: [ app_init ] --END-- [ RunTime:0.000486s ]
INFO: [ app_begin ] --START--
INFO: Run Behavior\ReadHtmlCacheBehavior [ RunTime:0.000589s ]
INFO: [ app_begin ] --END-- [ RunTime:0.000709s ]
SQL: SHOW COLUMNS FROM `tp_article` [ RunTime:0.0007s ]
SQL: SELECT * FROM `tp_article` ORDER BY id desc  [ RunTime:0.0005s ]
SQL: SHOW COLUMNS FROM `tp_link` [ RunTime:0.0007s ]
SQL: SELECT * FROM `tp_link`  [ RunTime:0.0003s ]
SQL: SHOW COLUMNS FROM `tp_essay` [ RunTime:0.0006s ]
SQL: SELECT COUNT(*) AS tp_count FROM `tp_essay` WHERE `cateid` = 'images' LIMIT 1   [ RunTime:0.0007s ]
SQL: SELECT * FROM `tp_essay` WHERE `cateid` = 'images' ORDER BY time desc LIMIT 0,5   [ RunTime:0.0004s ]
INFO: [ view_parse ] --START--
INFO: [ template_filter ] --START--
INFO: Run Behavior\ContentReplaceBehavior [ RunTime:0.000116s ]
INFO: [ template_filter ] --END-- [ RunTime:0.000248s ]
NOTIC: [8] Undefined index: id D:\wamp64\www\tp\Application\Runtime\Cache\Home\d7afc08e88068689bd04637b9b480409.php 第 49 行.
INFO: Run Behavior\ParseTemplateBehavior [ RunTime:0.019330s ]
INFO: [ view_parse ] --END-- [ RunTime:0.019434s ]
INFO: [ view_filter ] --START--
INFO: Run Behavior\WriteHtmlCacheBehavior [ RunTime:0.000358s ]
INFO: [ view_filter ] --END-- [ RunTime:0.000449s ]
INFO: [ app_end ] --START--
INFO: Run Behavior\ShowPageTraceBehavior [ RunTime:0.000606s ]
INFO: [ app_end ] --END-- [ RunTime:0.000721s ]

[ 2018-03-06T21:57:14+08:00 ] ::1 /tp/index.php/Home/Home/index/id/53
INFO: [ app_init ] --START--
INFO: Run Behavior\BuildLiteBehavior [ RunTime:0.000027s ]
INFO: [ app_init ] --END-- [ RunTime:0.000555s ]
INFO: [ app_begin ] --START--
INFO: Run Behavior\ReadHtmlCacheBehavior [ RunTime:0.000615s ]
INFO: [ app_begin ] --END-- [ RunTime:0.000729s ]
SQL: SHOW COLUMNS FROM `tp_article` [ RunTime:0.0008s ]
SQL: SELECT * FROM `tp_article` ORDER BY id desc  [ RunTime:0.0004s ]
SQL: SHOW COLUMNS FROM `tp_link` [ RunTime:0.0008s ]
SQL: SELECT * FROM `tp_link`  [ RunTime:0.0005s ]
SQL: SHOW COLUMNS FROM `tp_essay` [ RunTime:0.0009s ]
SQL: SELECT COUNT(*) AS tp_count FROM `tp_essay` WHERE `cateid` = '53' LIMIT 1   [ RunTime:0.0008s ]
SQL: SELECT * FROM `tp_essay` WHERE `cateid` = '53' ORDER BY time desc LIMIT 0,5   [ RunTime:0.0052s ]
INFO: [ view_parse ] --START--
INFO: [ template_filter ] --START--
INFO: Run Behavior\ContentReplaceBehavior [ RunTime:0.000122s ]
INFO: [ template_filter ] --END-- [ RunTime:0.000273s ]
NOTIC: [8] Undefined index: id D:\wamp64\www\tp\Application\Runtime\Cache\Home\d7afc08e88068689bd04637b9b480409.php 第 49 行.
INFO: Run Behavior\ParseTemplateBehavior [ RunTime:0.015853s ]
INFO: [ view_parse ] --END-- [ RunTime:0.015995s ]
INFO: [ view_filter ] --START--
INFO: Run Behavior\WriteHtmlCacheBehavior [ RunTime:0.000396s ]
INFO: [ view_filter ] --END-- [ RunTime:0.000505s ]
INFO: [ app_end ] --START--
INFO: Run Behavior\ShowPageTraceBehavior [ RunTime:0.000655s ]
INFO: [ app_end ] --END-- [ RunTime:0.000780s ]

[ 2018-03-06T21:57:16+08:00 ] ::1 /tp/
INFO: [ app_init ] --START--
INFO: Run Behavior\BuildLiteBehavior [ RunTime:0.000024s ]
INFO: [ app_init ] --END-- [ RunTime:0.000562s ]
INFO: [ app_begin ] --START--
INFO: Run Behavior\ReadHtmlCacheBehavior [ RunTime:0.000626s ]
INFO: [ app_begin ] --END-- [ RunTime:0.000764s ]
SQL: SHOW COLUMNS FROM `tp_article` [ RunTime:0.0007s ]
SQL: SELECT * FROM `tp_article` ORDER BY id desc  [ RunTime:0.0003s ]
SQL: SHOW COLUMNS FROM `tp_link` [ RunTime:0.0007s ]
SQL: SELECT * FROM `tp_link`  [ RunTime:0.0003s ]
SQL: SHOW COLUMNS FROM `tp_essay` [ RunTime:0.0005s ]
SQL: SELECT COUNT(*) AS tp_count FROM `tp_essay` WHERE `cateid` = '' LIMIT 1   [ RunTime:0.0002s ]
SQL: SELECT * FROM `tp_essay` WHERE `cateid` = '' ORDER BY time desc LIMIT 0,5   [ RunTime:0.0004s ]
INFO: [ view_parse ] --START--
INFO: [ template_filter ] --START--
INFO: Run Behavior\ContentReplaceBehavior [ RunTime:0.000118s ]
INFO: [ template_filter ] --END-- [ RunTime:0.000245s ]
NOTIC: [8] Undefined index: id D:\wamp64\www\tp\Application\Runtime\Cache\Home\d7afc08e88068689bd04637b9b480409.php 第 49 行.
INFO: Run Behavior\ParseTemplateBehavior [ RunTime:0.016490s ]
INFO: [ view_parse ] --END-- [ RunTime:0.016628s ]
INFO: [ view_filter ] --START--
INFO: Run Behavior\WriteHtmlCacheBehavior [ RunTime:0.000413s ]
INFO: [ view_filter ] --END-- [ RunTime:0.000519s ]
INFO: [ app_end ] --START--
INFO: Run Behavior\ShowPageTraceBehavior [ RunTime:0.000642s ]
INFO: [ app_end ] --END-- [ RunTime:0.000751s ]

[ 2018-03-06T21:57:16+08:00 ] ::1 /tp/index.php/Home/Home/index/id/images/nav.swf
INFO: [ app_init ] --START--
INFO: Run Behavior\BuildLiteBehavior [ RunTime:0.000028s ]
INFO: [ app_init ] --END-- [ RunTime:0.000865s ]
INFO: [ app_begin ] --START--
INFO: Run Behavior\ReadHtmlCacheBehavior [ RunTime:0.000524s ]
INFO: [ app_begin ] --END-- [ RunTime:0.000621s ]
SQL: SHOW COLUMNS FROM `tp_article` [ RunTime:0.0008s ]
SQL: SELECT * FROM `tp_article` ORDER BY id desc  [ RunTime:0.0004s ]
SQL: SHOW COLUMNS FROM `tp_link` [ RunTime:0.0008s ]
SQL: SELECT * FROM `tp_link`  [ RunTime:0.0004s ]
SQL: SHOW COLUMNS FROM `tp_essay` [ RunTime:0.0008s ]
SQL: SELECT COUNT(*) AS tp_count FROM `tp_essay` WHERE `cateid` = 'images' LIMIT 1   [ RunTime:0.0004s ]
SQL: SELECT * FROM `tp_essay` WHERE `cateid` = 'images' ORDER BY time desc LIMIT 0,5   [ RunTime:0.0005s ]
INFO: [ view_parse ] --START--
INFO: [ template_filter ] --START--
INFO: Run Behavior\ContentReplaceBehavior [ RunTime:0.000121s ]
INFO: [ template_filter ] --END-- [ RunTime:0.000263s ]
NOTIC: [8] Undefined index: id D:\wamp64\www\tp\Application\Runtime\Cache\Home\d7afc08e88068689bd04637b9b480409.php 第 49 行.
INFO: Run Behavior\ParseTemplateBehavior [ RunTime:0.013573s ]
INFO: [ view_parse ] --END-- [ RunTime:0.013816s ]
INFO: [ view_filter ] --START--
INFO: Run Behavior\WriteHtmlCacheBehavior [ RunTime:0.000377s ]
INFO: [ view_filter ] --END-- [ RunTime:0.000571s ]
INFO: [ app_end ] --START--
INFO: Run Behavior\ShowPageTraceBehavior [ RunTime:0.001151s ]
INFO: [ app_end ] --END-- [ RunTime:0.001358s ]

[ 2018-03-06T21:57:21+08:00 ] ::1 /tp/index.php/Home/Home/index/id/53
INFO: [ app_init ] --START--
INFO: Run Behavior\BuildLiteBehavior [ RunTime:0.000016s ]
INFO: [ app_init ] --END-- [ RunTime:0.000317s ]
INFO: [ app_begin ] --START--
INFO: Run Behavior\ReadHtmlCacheBehavior [ RunTime:0.000563s ]
INFO: [ app_begin ] --END-- [ RunTime:0.000676s ]
SQL: SHOW COLUMNS FROM `tp_article` [ RunTime:0.0007s ]
SQL: SELECT * FROM `tp_article` ORDER BY id desc  [ RunTime:0.0003s ]
SQL: SHOW COLUMNS FROM `tp_link` [ RunTime:0.0006s ]
SQL: SELECT * FROM `tp_link`  [ RunTime:0.0003s ]
SQL: SHOW COLUMNS FROM `tp_essay` [ RunTime:0.0006s ]
SQL: SELECT COUNT(*) AS tp_count FROM `tp_essay` WHERE `cateid` = '53' LIMIT 1   [ RunTime:0.0004s ]
SQL: SELECT * FROM `tp_essay` WHERE `cateid` = '53' ORDER BY time desc LIMIT 0,5   [ RunTime:0.0006s ]
INFO: [ view_parse ] --START--
INFO: [ template_filter ] --START--
INFO: Run Behavior\ContentReplaceBehavior [ RunTime:0.000082s ]
INFO: [ template_filter ] --END-- [ RunTime:0.000162s ]
NOTIC: [8] Undefined index: id D:\wamp64\www\tp\Application\Runtime\Cache\Home\d7afc08e88068689bd04637b9b480409.php 第 49 行.
INFO: Run Behavior\ParseTemplateBehavior [ RunTime:0.010334s ]
INFO: [ view_parse ] --END-- [ RunTime:0.010450s ]
INFO: [ view_filter ] --START--
INFO: Run Behavior\WriteHtmlCacheBehavior [ RunTime:0.000202s ]
INFO: [ view_filter ] --END-- [ RunTime:0.000258s ]
INFO: [ app_end ] --START--
INFO: Run Behavior\ShowPageTraceBehavior [ RunTime:0.000710s ]
INFO: [ app_end ] --END-- [ RunTime:0.000843s ]

[ 2018-03-06T21:57:21+08:00 ] ::1 /tp/
INFO: [ app_init ] --START--
INFO: Run Behavior\BuildLiteBehavior [ RunTime:0.000023s ]
INFO: [ app_init ] --END-- [ RunTime:0.000484s ]
INFO: [ app_begin ] --START--
INFO: Run Behavior\ReadHtmlCacheBehavior [ RunTime:0.000508s ]
INFO: [ app_begin ] --END-- [ RunTime:0.000611s ]
SQL: SHOW COLUMNS FROM `tp_article` [ RunTime:0.0007s ]
SQL: SELECT * FROM `tp_article` ORDER BY id desc  [ RunTime:0.0004s ]
SQL: SHOW COLUMNS FROM `tp_link` [ RunTime:0.0007s ]
SQL: SELECT * FROM `tp_link`  [ RunTime:0.0004s ]
SQL: SHOW COLUMNS FROM `tp_essay` [ RunTime:0.0009s ]
SQL: SELECT COUNT(*) AS tp_count FROM `tp_essay` WHERE `cateid` = '' LIMIT 1   [ RunTime:0.0003s ]
SQL: SELECT * FROM `tp_essay` WHERE `cateid` = '' ORDER BY time desc LIMIT 0,5   [ RunTime:0.0004s ]
INFO: [ view_parse ] --START--
INFO: [ template_filter ] --START--
INFO: Run Behavior\ContentReplaceBehavior [ RunTime:0.000119s ]
INFO: [ template_filter ] --END-- [ RunTime:0.000256s ]
NOTIC: [8] Undefined index: id D:\wamp64\www\tp\Application\Runtime\Cache\Home\d7afc08e88068689bd04637b9b480409.php 第 49 行.
INFO: Run Behavior\ParseTemplateBehavior [ RunTime:0.013640s ]
INFO: [ view_parse ] --END-- [ RunTime:0.013770s ]
INFO: [ view_filter ] --START--
INFO: Run Behavior\WriteHtmlCacheBehavior [ RunTime:0.000324s ]
INFO: [ view_filter ] --END-- [ RunTime:0.000426s ]
INFO: [ app_end ] --START--
INFO: Run Behavior\ShowPageTraceBehavior [ RunTime:0.000550s ]
INFO: [ app_end ] --END-- [ RunTime:0.000653s ]

[ 2018-03-06T21:57:21+08:00 ] ::1 /tp/index.php/Home/Home/index/id/images/nav.swf
INFO: [ app_init ] --START--
INFO: Run Behavior\BuildLiteBehavior [ RunTime:0.000025s ]
INFO: [ app_init ] --END-- [ RunTime:0.000454s ]
INFO: [ app_begin ] --START--
INFO: Run Behavior\ReadHtmlCacheBehavior [ RunTime:0.000705s ]
INFO: [ app_begin ] --END-- [ RunTime:0.000960s ]
SQL: SHOW COLUMNS FROM `tp_article` [ RunTime:0.0007s ]
SQL: SELECT * FROM `tp_article` ORDER BY id desc  [ RunTime:0.0005s ]
SQL: SHOW COLUMNS FROM `tp_link` [ RunTime:0.0009s ]
SQL: SELECT * FROM `tp_link`  [ RunTime:0.0005s ]
SQL: SHOW COLUMNS FROM `tp_essay` [ RunTime:0.0008s ]
SQL: SELECT COUNT(*) AS tp_count FROM `tp_essay` WHERE `cateid` = 'images' LIMIT 1   [ RunTime:0.0006s ]
SQL: SELECT * FROM `tp_essay` WHERE `cateid` = 'images' ORDER BY time desc LIMIT 0,5   [ RunTime:0.0006s ]
INFO: [ view_parse ] --START--
INFO: [ template_filter ] --START--
INFO: Run Behavior\ContentReplaceBehavior [ RunTime:0.000134s ]
INFO: [ template_filter ] --END-- [ RunTime:0.000468s ]
NOTIC: [8] Undefined index: id D:\wamp64\www\tp\Application\Runtime\Cache\Home\d7afc08e88068689bd04637b9b480409.php 第 49 行.
INFO: Run Behavior\ParseTemplateBehavior [ RunTime:0.016921s ]
INFO: [ view_parse ] --END-- [ RunTime:0.017073s ]
INFO: [ view_filter ] --START--
INFO: Run Behavior\WriteHtmlCacheBehavior [ RunTime:0.000568s ]
INFO: [ view_filter ] --END-- [ RunTime:0.000672s ]
INFO: [ app_end ] --START--
INFO: Run Behavior\ShowPageTraceBehavior [ RunTime:0.000694s ]
INFO: [ app_end ] --END-- [ RunTime:0.000811s ]

[ 2018-03-06T21:57:22+08:00 ] ::1 /tp/index.php/Home/Home/index/id/52
INFO: [ app_init ] --START--
INFO: Run Behavior\BuildLiteBehavior [ RunTime:0.000025s ]
INFO: [ app_init ] --END-- [ RunTime:0.000470s ]
INFO: [ app_begin ] --START--
INFO: Run Behavior\ReadHtmlCacheBehavior [ RunTime:0.000523s ]
INFO: [ app_begin ] --END-- [ RunTime:0.000635s ]
SQL: SHOW COLUMNS FROM `tp_article` [ RunTime:0.0007s ]
SQL: SELECT * FROM `tp_article` ORDER BY id desc  [ RunTime:0.0004s ]
SQL: SHOW COLUMNS FROM `tp_link` [ RunTime:0.0005s ]
SQL: SELECT * FROM `tp_link`  [ RunTime:0.0002s ]
SQL: SHOW COLUMNS FROM `tp_essay` [ RunTime:0.0006s ]
SQL: SELECT COUNT(*) AS tp_count FROM `tp_essay` WHERE `cateid` = '52' LIMIT 1   [ RunTime:0.0003s ]
SQL: SELECT * FROM `tp_essay` WHERE `cateid` = '52' ORDER BY time desc LIMIT 0,5   [ RunTime:0.0004s ]
INFO: [ view_parse ] --START--
INFO: [ template_filter ] --START--
INFO: Run Behavior\ContentReplaceBehavior [ RunTime:0.000122s ]
INFO: [ template_filter ] --END-- [ RunTime:0.000268s ]
NOTIC: [8] Undefined index: id D:\wamp64\www\tp\Application\Runtime\Cache\Home\d7afc08e88068689bd04637b9b480409.php 第 49 行.
INFO: Run Behavior\ParseTemplateBehavior [ RunTime:0.013869s ]
INFO: [ view_parse ] --END-- [ RunTime:0.013994s ]
INFO: [ view_filter ] --START--
INFO: Run Behavior\WriteHtmlCacheBehavior [ RunTime:0.000334s ]
INFO: [ view_filter ] --END-- [ RunTime:0.000437s ]
INFO: [ app_end ] --START--
INFO: Run Behavior\ShowPageTraceBehavior [ RunTime:0.000632s ]
INFO: [ app_end ] --END-- [ RunTime:0.000752s ]

[ 2018-03-06T21:57:27+08:00 ] ::1 /tp/index.php/Home/Home/index/id/images/nav.swf
INFO: [ app_init ] --START--
INFO: Run Behavior\BuildLiteBehavior [ RunTime:0.000024s ]
INFO: [ app_init ] --END-- [ RunTime:0.000455s ]
INFO: [ app_begin ] --START--
INFO: Run Behavior\ReadHtmlCacheBehavior [ RunTime:0.000829s ]
INFO: [ app_begin ] --END-- [ RunTime:0.001019s ]
SQL: SHOW COLUMNS FROM `tp_article` [ RunTime:0.0007s ]
SQL: SELECT * FROM `tp_article` ORDER BY id desc  [ RunTime:0.0005s ]
SQL: SHOW COLUMNS FROM `tp_link` [ RunTime:0.0008s ]
SQL: SELECT * FROM `tp_link`  [ RunTime:0.0014s ]
SQL: SHOW COLUMNS FROM `tp_essay` [ RunTime:0.0022s ]
SQL: SELECT COUNT(*) AS tp_count FROM `tp_essay` WHERE `cateid` = 'images' LIMIT 1   [ RunTime:0.0004s ]
SQL: SELECT * FROM `tp_essay` WHERE `cateid` = 'images' ORDER BY time desc LIMIT 0,5   [ RunTime:0.0004s ]
INFO: [ view_parse ] --START--
INFO: [ template_filter ] --START--
INFO: Run Behavior\ContentReplaceBehavior [ RunTime:0.000116s ]
INFO: [ template_filter ] --END-- [ RunTime:0.000320s ]
NOTIC: [8] Undefined index: id D:\wamp64\www\tp\Application\Runtime\Cache\Home\d7afc08e88068689bd04637b9b480409.php 第 49 行.
INFO: Run Behavior\ParseTemplateBehavior [ RunTime:0.014169s ]
INFO: [ view_parse ] --END-- [ RunTime:0.014297s ]
INFO: [ view_filter ] --START--
INFO: Run Behavior\WriteHtmlCacheBehavior [ RunTime:0.000392s ]
INFO: [ view_filter ] --END-- [ RunTime:0.000498s ]
INFO: [ app_end ] --START--
INFO: Run Behavior\ShowPageTraceBehavior [ RunTime:0.000618s ]
INFO: [ app_end ] --END-- [ RunTime:0.000731s ]

