[ 2018-03-07T09:39:14+08:00 ] ::1 /tp/index.php/Admin/Admin/login.html
INFO: [ app_init ] --START--
INFO: Run Behavior\BuildLiteBehavior [ RunTime:0.000025s ]
INFO: [ app_init ] --END-- [ RunTime:0.000483s ]
INFO: [ app_begin ] --START--
INFO: Run Behavior\ReadHtmlCacheBehavior [ RunTime:0.000531s ]
INFO: [ app_begin ] --END-- [ RunTime:0.000638s ]
INFO: [ view_parse ] --START--
INFO: [ template_filter ] --START--
INFO: Run Behavior\ContentReplaceBehavior [ RunTime:0.000086s ]
INFO: [ template_filter ] --END-- [ RunTime:0.000199s ]
INFO: Run Behavior\ParseTemplateBehavior [ RunTime:0.023988s ]
INFO: [ view_parse ] --END-- [ RunTime:0.024108s ]
INFO: [ view_filter ] --START--
INFO: Run Behavior\WriteHtmlCacheBehavior [ RunTime:0.000318s ]
INFO: [ view_filter ] --END-- [ RunTime:0.000417s ]
INFO: [ app_end ] --START--
INFO: Run Behavior\ShowPageTraceBehavior [ RunTime:0.000630s ]
INFO: [ app_end ] --END-- [ RunTime:0.000744s ]

[ 2018-03-07T09:39:21+08:00 ] ::1 /tp/index.php/Admin/Admin/login_to.html
INFO: [ app_init ] --START--
INFO: Run Behavior\BuildLiteBehavior [ RunTime:0.000021s ]
INFO: [ app_init ] --END-- [ RunTime:0.000504s ]
INFO: [ app_begin ] --START--
INFO: Run Behavior\ReadHtmlCacheBehavior [ RunTime:0.000453s ]
INFO: [ app_begin ] --END-- [ RunTime:0.000568s ]
SQL: SHOW COLUMNS FROM `tp_arruser` [ RunTime:0.0010s ]
SQL: SELECT * FROM `tp_arruser` WHERE ( username='df' )  [ RunTime:0.0005s ]

[ 2018-03-07T09:39:26+08:00 ] ::1 /tp/index.php/Admin/Admin/login_to.html
INFO: [ app_init ] --START--
INFO: Run Behavior\BuildLiteBehavior [ RunTime:0.000017s ]
INFO: [ app_init ] --END-- [ RunTime:0.000354s ]
INFO: [ app_begin ] --START--
INFO: Run Behavior\ReadHtmlCacheBehavior [ RunTime:0.000830s ]
INFO: [ app_begin ] --END-- [ RunTime:0.001035s ]
SQL: SHOW COLUMNS FROM `tp_arruser` [ RunTime:0.0008s ]
SQL: SELECT * FROM `tp_arruser` WHERE ( username='df' )  [ RunTime:0.0008s ]

[ 2018-03-07T09:40:12+08:00 ] ::1 /tp/index.php/Admin/Admin/login_to.html
INFO: [ app_init ] --START--
INFO: Run Behavior\BuildLiteBehavior [ RunTime:0.000017s ]
INFO: [ app_init ] --END-- [ RunTime:0.000378s ]
INFO: [ app_begin ] --START--
INFO: Run Behavior\ReadHtmlCacheBehavior [ RunTime:0.000532s ]
INFO: [ app_begin ] --END-- [ RunTime:0.000647s ]
SQL: SHOW COLUMNS FROM `tp_arruser` [ RunTime:0.0016s ]
SQL: SELECT * FROM `tp_arruser` WHERE ( username='df' )  [ RunTime:0.0004s ]

[ 2018-03-07T09:40:45+08:00 ] ::1 /tp/index.php/Admin/Admin/login_to.html
INFO: [ app_init ] --START--
INFO: Run Behavior\BuildLiteBehavior [ RunTime:0.000026s ]
INFO: [ app_init ] --END-- [ RunTime:0.000596s ]
INFO: [ app_begin ] --START--
INFO: Run Behavior\ReadHtmlCacheBehavior [ RunTime:0.000974s ]
INFO: [ app_begin ] --END-- [ RunTime:0.001237s ]
SQL: SHOW COLUMNS FROM `tp_arruser` [ RunTime:0.0018s ]
SQL: SELECT * FROM `tp_arruser` WHERE ( username='dfd' )  [ RunTime:0.0006s ]

[ 2018-03-07T09:40:56+08:00 ] ::1 /tp/index.php/Admin/Admin/login_to.html
INFO: [ app_init ] --START--
INFO: Run Behavior\BuildLiteBehavior [ RunTime:0.000018s ]
INFO: [ app_init ] --END-- [ RunTime:0.000467s ]
INFO: [ app_begin ] --START--
INFO: Run Behavior\ReadHtmlCacheBehavior [ RunTime:0.000675s ]
INFO: [ app_begin ] --END-- [ RunTime:0.000795s ]
SQL: SHOW COLUMNS FROM `tp_arruser` [ RunTime:0.0017s ]
SQL: SELECT * FROM `tp_arruser` WHERE ( username='df' )  [ RunTime:0.0007s ]

[ 2018-03-07T09:41:24+08:00 ] ::1 /tp/index.php/Admin/Admin/login_to.html
INFO: [ app_init ] --START--
INFO: Run Behavior\BuildLiteBehavior [ RunTime:0.000021s ]
INFO: [ app_init ] --END-- [ RunTime:0.000414s ]
INFO: [ app_begin ] --START--
INFO: Run Behavior\ReadHtmlCacheBehavior [ RunTime:0.000470s ]
INFO: [ app_begin ] --END-- [ RunTime:0.000555s ]
SQL: SHOW COLUMNS FROM `tp_arruser` [ RunTime:0.0015s ]
SQL: SELECT * FROM `tp_arruser` WHERE ( username='fd' )  [ RunTime:0.0005s ]

[ 2018-03-07T09:41:34+08:00 ] ::1 /tp/index.php/Admin/Admin/login_to.html
INFO: [ app_init ] --START--
INFO: Run Behavior\BuildLiteBehavior [ RunTime:0.000019s ]
INFO: [ app_init ] --END-- [ RunTime:0.000638s ]
INFO: [ app_begin ] --START--
INFO: Run Behavior\ReadHtmlCacheBehavior [ RunTime:0.000356s ]
INFO: [ app_begin ] --END-- [ RunTime:0.000444s ]
SQL: SHOW COLUMNS FROM `tp_arruser` [ RunTime:0.0025s ]
SQL: SELECT * FROM `tp_arruser` WHERE ( username='fd' )  [ RunTime:0.0010s ]

[ 2018-03-07T09:41:39+08:00 ] ::1 /tp/index.php/Admin/Admin/login_to.html
INFO: [ app_init ] --START--
INFO: Run Behavior\BuildLiteBehavior [ RunTime:0.000016s ]
INFO: [ app_init ] --END-- [ RunTime:0.000316s ]
INFO: [ app_begin ] --START--
INFO: Run Behavior\ReadHtmlCacheBehavior [ RunTime:0.000369s ]
INFO: [ app_begin ] --END-- [ RunTime:0.000438s ]
SQL: SHOW COLUMNS FROM `tp_arruser` [ RunTime:0.0019s ]
SQL: SELECT * FROM `tp_arruser` WHERE ( username='fd' )  [ RunTime:0.0004s ]

[ 2018-03-07T09:41:54+08:00 ] ::1 /tp/index.php/Admin/Admin/login.html
INFO: [ app_init ] --START--
INFO: Run Behavior\BuildLiteBehavior [ RunTime:0.000025s ]
INFO: [ app_init ] --END-- [ RunTime:0.000490s ]
INFO: [ app_begin ] --START--
INFO: Run Behavior\ReadHtmlCacheBehavior [ RunTime:0.000576s ]
INFO: [ app_begin ] --END-- [ RunTime:0.000697s ]
INFO: [ view_parse ] --START--
INFO: [ template_filter ] --START--
INFO: Run Behavior\ContentReplaceBehavior [ RunTime:0.000056s ]
INFO: [ template_filter ] --END-- [ RunTime:0.000138s ]
INFO: Run Behavior\ParseTemplateBehavior [ RunTime:0.009705s ]
INFO: [ view_parse ] --END-- [ RunTime:0.009823s ]
INFO: [ view_filter ] --START--
INFO: Run Behavior\WriteHtmlCacheBehavior [ RunTime:0.000505s ]
INFO: [ view_filter ] --END-- [ RunTime:0.000721s ]
INFO: [ app_end ] --START--
INFO: Run Behavior\ShowPageTraceBehavior [ RunTime:0.001603s ]
INFO: [ app_end ] --END-- [ RunTime:0.001776s ]

[ 2018-03-07T09:42:49+08:00 ] ::1 /tp/index.php/Admin/Admin/login_to.html
INFO: [ app_init ] --START--
INFO: Run Behavior\BuildLiteBehavior [ RunTime:0.000016s ]
INFO: [ app_init ] --END-- [ RunTime:0.000316s ]
INFO: [ app_begin ] --START--
INFO: Run Behavior\ReadHtmlCacheBehavior [ RunTime:0.000409s ]
INFO: [ app_begin ] --END-- [ RunTime:0.000475s ]
SQL: SHOW COLUMNS FROM `tp_arruser` [ RunTime:0.0014s ]
SQL: SELECT * FROM `tp_arruser` WHERE ( username='admin' )  [ RunTime:0.0005s ]

[ 2018-03-07T09:43:04+08:00 ] ::1 /tp/index.php/Admin/Admin/login_to.html
INFO: [ app_init ] --START--
INFO: Run Behavior\BuildLiteBehavior [ RunTime:0.000029s ]
INFO: [ app_init ] --END-- [ RunTime:0.000359s ]
INFO: [ app_begin ] --START--
INFO: Run Behavior\ReadHtmlCacheBehavior [ RunTime:0.000345s ]
INFO: [ app_begin ] --END-- [ RunTime:0.000413s ]
SQL: SHOW COLUMNS FROM `tp_arruser` [ RunTime:0.0069s ]
SQL: SELECT * FROM `tp_arruser` WHERE ( username='ee' )  [ RunTime:0.0007s ]

[ 2018-03-07T09:43:17+08:00 ] ::1 /tp/index.php/Admin/Admin/login_to.html
INFO: [ app_init ] --START--
INFO: Run Behavior\BuildLiteBehavior [ RunTime:0.000016s ]
INFO: [ app_init ] --END-- [ RunTime:0.000313s ]
INFO: [ app_begin ] --START--
INFO: Run Behavior\ReadHtmlCacheBehavior [ RunTime:0.000443s ]
INFO: [ app_begin ] --END-- [ RunTime:0.000531s ]
SQL: SHOW COLUMNS FROM `tp_arruser` [ RunTime:0.0029s ]
SQL: SELECT * FROM `tp_arruser` WHERE ( username='df' )  [ RunTime:0.0013s ]

[ 2018-03-07T09:43:21+08:00 ] ::1 /tp/index.php/Admin/Admin/login_to.html
INFO: [ app_init ] --START--
INFO: Run Behavior\BuildLiteBehavior [ RunTime:0.000017s ]
INFO: [ app_init ] --END-- [ RunTime:0.000337s ]
INFO: [ app_begin ] --START--
INFO: Run Behavior\ReadHtmlCacheBehavior [ RunTime:0.000550s ]
INFO: [ app_begin ] --END-- [ RunTime:0.000670s ]
SQL: SHOW COLUMNS FROM `tp_arruser` [ RunTime:0.0009s ]
SQL: SELECT * FROM `tp_arruser` WHERE ( username='df' )  [ RunTime:0.0004s ]

[ 2018-03-07T09:43:41+08:00 ] ::1 /tp/index.php/Admin/Admin/login_to.html
INFO: [ app_init ] --START--
INFO: Run Behavior\BuildLiteBehavior [ RunTime:0.000022s ]
INFO: [ app_init ] --END-- [ RunTime:0.000398s ]
INFO: [ app_begin ] --START--
INFO: Run Behavior\ReadHtmlCacheBehavior [ RunTime:0.000471s ]
INFO: [ app_begin ] --END-- [ RunTime:0.000577s ]
SQL: SHOW COLUMNS FROM `tp_arruser` [ RunTime:0.0030s ]
SQL: SELECT * FROM `tp_arruser` WHERE ( username='dfc' )  [ RunTime:0.0007s ]

[ 2018-03-07T09:43:48+08:00 ] ::1 /tp/index.php/Admin/Admin/login_to.html
INFO: [ app_init ] --START--
INFO: Run Behavior\BuildLiteBehavior [ RunTime:0.000016s ]
INFO: [ app_init ] --END-- [ RunTime:0.000338s ]
INFO: [ app_begin ] --START--
INFO: Run Behavior\ReadHtmlCacheBehavior [ RunTime:0.000435s ]
INFO: [ app_begin ] --END-- [ RunTime:0.000505s ]
SQL: SHOW COLUMNS FROM `tp_arruser` [ RunTime:0.0008s ]
SQL: SELECT * FROM `tp_arruser` WHERE ( username='df' )  [ RunTime:0.0005s ]

[ 2018-03-07T09:43:55+08:00 ] ::1 /tp/index.php/Admin/Admin/login_to.html
INFO: [ app_init ] --START--
INFO: Run Behavior\BuildLiteBehavior [ RunTime:0.000015s ]
INFO: [ app_init ] --END-- [ RunTime:0.000408s ]
INFO: [ app_begin ] --START--
INFO: Run Behavior\ReadHtmlCacheBehavior [ RunTime:0.000358s ]
INFO: [ app_begin ] --END-- [ RunTime:0.000440s ]
SQL: SHOW COLUMNS FROM `tp_arruser` [ RunTime:0.0017s ]
SQL: SELECT * FROM `tp_arruser` WHERE ( username='df' )  [ RunTime:0.0008s ]

